[2019-11-05 09:25:45] local.ERROR: SQLSTATE[HY000] [2054] The server requested authentication method unknown to the client (SQL: select * from `tb_danh_muc`) {"exception":"[object] (Illuminate\\Database\\QueryException(code: 2054): SQLSTATE[HY000] [2054] The server requested authentication method unknown to the client (SQL: select * from `tb_danh_muc`) at D:\\HocTap\\xampp\\htdocs\\NhomTruyenLaravel\\vendor\\laravel\\framework\\src\\Illuminate\\Database\\Connection.php:665)
[stacktrace]
#0 D:\\HocTap\\xampp\\htdocs\\NhomTruyenLaravel\\vendor\\laravel\\framework\\src\\Illuminate\\Database\\Connection.php(625): Illuminate\\Database\\Connection->runQueryCallback('select * from `...', Array, Object(Closure))
#1 D:\\HocTap\\xampp\\htdocs\\NhomTruyenLaravel\\vendor\\laravel\\framework\\src\\Illuminate\\Database\\Connection.php(334): Illuminate\\Database\\Connection->run('select * from `...', Array, Object(Closure))
#2 D:\\HocTap\\xampp\\htdocs\\NhomTruyenLaravel\\vendor\\laravel\\framework\\src\\Illuminate\\Database\\Query\\Builder.php(2130): Illuminate\\Database\\Connection->select('select * from `...', Array, true)
#3 D:\\HocTap\\xampp\\htdocs\\NhomTruyenLaravel\\vendor\\laravel\\framework\\src\\Illuminate\\Database\\Query\\Builder.php(2118): Illuminate\\Database\\Query\\Builder->runSelect()
#4 D:\\HocTap\\xampp\\htdocs\\NhomTruyenLaravel\\vendor\\laravel\\framework\\src\\Illuminate\\Database\\Query\\Builder.php(2562): Illuminate\\Database\\Query\\Builder->Illuminate\\Database\\Query\\{closure}()
#5 D:\\HocTap\\xampp\\htdocs\\NhomTruyenLaravel\\vendor\\laravel\\framework\\src\\Illuminate\\Database\\Query\\Builder.php(2119): Illuminate\\Database\\Query\\Builder->onceWithColumns(Array, Object(Closure))
#6 D:\\HocTap\\xampp\\htdocs\\NhomTruyenLaravel\\vendor\\laravel\\framework\\src\\Illuminate\\Database\\Eloquent\\Builder.php(521): Illuminate\\Database\\Query\\Builder->get(Array)
#7 D:\\HocTap\\xampp\\htdocs\\NhomTruyenLaravel\\vendor\\laravel\\framework\\src\\Illuminate\\Database\\Eloquent\\Builder.php(505): Illuminate\\Database\\Eloquent\\Builder->getModels(Array)
#8 D:\\HocTap\\xampp\\htdocs\\NhomTruyenLaravel\\vendor\\laravel\\framework\\src\\Illuminate\\Support\\Traits\\ForwardsCalls.php(23): Illuminate\\Database\\Eloquent\\Builder->get()
#9 D:\\HocTap\\xampp\\htdocs\\NhomTruyenLaravel\\vendor\\laravel\\framework\\src\\Illuminate\\Database\\Eloquent\\Model.php(1618): Illuminate\\Database\\Eloquent\\Model->forwardCallTo(Object(Illuminate\\Database\\Eloquent\\Builder), 'get', Array)
#10 D:\\HocTap\\xampp\\htdocs\\NhomTruyenLaravel\\vendor\\laravel\\framework\\src\\Illuminate\\Database\\Eloquent\\Model.php(1630): Illuminate\\Database\\Eloquent\\Model->__call('get', Array)
#11 D:\\HocTap\\xampp\\htdocs\\NhomTruyenLaravel\\app\\Models\\DAO\\DanhMucDAO.php(33): Illuminate\\Database\\Eloquent\\Model::__callStatic('get', Array)
#12 D:\\HocTap\\xampp\\htdocs\\NhomTruyenLaravel\\app\\Http\\Controllers\\Admin\\DanhMucController.php(12): App\\Models\\DAO\\DanhMucDAO::getData()
#13 [internal function]: App\\Http\\Controllers\\Admin\\DanhMucController->danhMucPage()
#14 D:\\HocTap\\xampp\\htdocs\\NhomTruyenLaravel\\vendor\\laravel\\framework\\src\\Illuminate\\Routing\\Controller.php(54): call_user_func_array(Array, Array)
#15 D:\\HocTap\\xampp\\htdocs\\NhomTruyenLaravel\\vendor\\laravel\\framework\\src\\Illuminate\\Routing\\ControllerDispatcher.php(45): Illuminate\\Routing\\Controller->callAction('danhMucPage', Array)
#16 D:\\HocTap\\xampp\\htdocs\\NhomTruyenLaravel\\vendor\\laravel\\framework\\src\\Illuminate\\Routing\\Route.php(219): Illuminate\\Routing\\ControllerDispatcher->dispatch(Object(Illuminate\\Routing\\Route), Object(App\\Http\\Controllers\\Admin\\DanhMucController), 'danhMucPage')
#17 D:\\HocTap\\xampp\\htdocs\\NhomTruyenLaravel\\vendor\\laravel\\framework\\src\\Illuminate\\Routing\\Route.php(176): Illuminate\\Routing\\Route->runController()
#18 D:\\HocTap\\xampp\\htdocs\\NhomTruyenLaravel\\vendor\\laravel\\framework\\src\\Illuminate\\Routing\\Router.php(680): Illuminate\\Routing\\Route->run()
#19 D:\\HocTap\\xampp\\htdocs\\NhomTruyenLaravel\\vendor\\laravel\\framework\\src\\Illuminate\\Pipeline\\Pipeline.php(130): Illuminate\\Routing\\Router->Illuminate\\Routing\\{closure}(Object(Illuminate\\Http\\Request))
#20 D:\\HocTap\\xampp\\htdocs\\NhomTruyenLaravel\\vendor\\laravel\\framework\\src\\Illuminate\\Routing\\Middleware\\SubstituteBindings.php(41): Illuminate\\Pipeline\\Pipeline->Illuminate\\Pipeline\\{closure}(Object(Illuminate\\Http\\Request))
#21 D:\\HocTap\\xampp\\htdocs\\NhomTruyenLaravel\\vendor\\laravel\\framework\\src\\Illuminate\\Pipeline\\Pipeline.php(171): Illuminate\\Routing\\Middleware\\SubstituteBindings->handle(Object(Illuminate\\Http\\Request), Object(Closure))
#22 D:\\HocTap\\xampp\\htdocs\\NhomTruyenLaravel\\vendor\\laravel\\framework\\src\\Illuminate\\Foundation\\Http\\Middleware\\VerifyCsrfToken.php(76): Illuminate\\Pipeline\\Pipeline->Illuminate\\Pipeline\\{closure}(Object(Illuminate\\Http\\Request))
#23 D:\\HocTap\\xampp\\htdocs\\NhomTruyenLaravel\\vendor\\laravel\\framework\\src\\Illuminate\\Pipeline\\Pipeline.php(171): Illuminate\\Foundation\\Http\\Middleware\\VerifyCsrfToken->handle(Object(Illuminate\\Http\\Request), Object(Closure))
#24 D:\\HocTap\\xampp\\htdocs\\NhomTruyenLaravel\\vendor\\laravel\\framework\\src\\Illuminate\\View\\Middleware\\ShareErrorsFromSession.php(49): Illuminate\\Pipeline\\Pipeline->Illuminate\\Pipeline\\{closure}(Object(Illuminate\\Http\\Request))
#25 D:\\HocTap\\xampp\\htdocs\\NhomTruyenLaravel\\vendor\\laravel\\framework\\src\\Illuminate\\Pipeline\\Pipeline.php(171): Illuminate\\View\\Middleware\\ShareErrorsFromSession->handle(Object(Illuminate\\Http\\Request), Object(Closure))
#26 D:\\HocTap\\xampp\\htdocs\\NhomTruyenLaravel\\vendor\\laravel\\framework\\src\\Illuminate\\Session\\Middleware\\StartSession.php(56): Illuminate\\Pipeline\\Pipeline->Illuminate\\Pipeline\\{closure}(Object(Illuminate\\Http\\Request))
#27 D:\\HocTap\\xampp\\htdocs\\NhomTruyenLaravel\\vendor\\laravel\\framework\\src\\Illuminate\\Pipeline\\Pipeline.php(171): Illuminate\\Session\\Middleware\\StartSession->handle(Object(Illuminate\\Http\\Request), Object(Closure))
#28 D:\\HocTap\\xampp\\htdocs\\NhomTruyenLaravel\\vendor\\laravel\\framework\\src\\Illuminate\\Cookie\\Middleware\\AddQueuedCookiesToResponse.php(37): Illuminate\\Pipeline\\Pipeline->Illuminate\\Pipeline\\{closure}(Object(Illuminate\\Http\\Request))
#29 D:\\HocTap\\xampp\\htdocs\\NhomTruyenLaravel\\vendor\\laravel\\framework\\src\\Illuminate\\Pipeline\\Pipeline.php(171): Illuminate\\Cookie\\Middleware\\AddQueuedCookiesToResponse->handle(Object(Illuminate\\Http\\Request), Object(Closure))
#30 D:\\HocTap\\xampp\\htdocs\\NhomTruyenLaravel\\vendor\\laravel\\framework\\src\\Illuminate\\Cookie\\Middleware\\EncryptCookies.php(66): Illuminate\\Pipeline\\Pipeline->Illuminate\\Pipeline\\{closure}(Object(Illuminate\\Http\\Request))
#31 D:\\HocTap\\xampp\\htdocs\\NhomTruyenLaravel\\vendor\\laravel\\framework\\src\\Illuminate\\Pipeline\\Pipeline.php(171): Illuminate\\Cookie\\Middleware\\EncryptCookies->handle(Object(Illuminate\\Http\\Request), Object(Closure))
#32 D:\\HocTap\\xampp\\htdocs\\NhomTruyenLaravel\\vendor\\laravel\\framework\\src\\Illuminate\\Pipeline\\Pipeline.php(105): Illuminate\\Pipeline\\Pipeline->Illuminate\\Pipeline\\{closure}(Object(Illuminate\\Http\\Request))
#33 D:\\HocTap\\xampp\\htdocs\\NhomTruyenLaravel\\vendor\\laravel\\framework\\src\\Illuminate\\Routing\\Router.php(682): Illuminate\\Pipeline\\Pipeline->then(Object(Closure))
#34 D:\\HocTap\\xampp\\htdocs\\NhomTruyenLaravel\\vendor\\laravel\\framework\\src\\Illuminate\\Routing\\Router.php(657): Illuminate\\Routing\\Router->runRouteWithinStack(Object(Illuminate\\Routing\\Route), Object(Illuminate\\Http\\Request))
#35 D:\\HocTap\\xampp\\htdocs\\NhomTruyenLaravel\\vendor\\laravel\\framework\\src\\Illuminate\\Routing\\Router.php(623): Illuminate\\Routing\\Router->runRoute(Object(Illuminate\\Http\\Request), Object(Illuminate\\Routing\\Route))
#36 D:\\HocTap\\xampp\\htdocs\\NhomTruyenLaravel\\vendor\\laravel\\framework\\src\\Illuminate\\Routing\\Router.php(612): Illuminate\\Routing\\Router->dispatchToRoute(Object(Illuminate\\Http\\Request))
#37 D:\\HocTap\\xampp\\htdocs\\NhomTruyenLaravel\\vendor\\laravel\\framework\\src\\Illuminate\\Foundation\\Http\\Kernel.php(176): Illuminate\\Routing\\Router->dispatch(Object(Illuminate\\Http\\Request))
#38 D:\\HocTap\\xampp\\htdocs\\NhomTruyenLaravel\\vendor\\laravel\\framework\\src\\Illuminate\\Pipeline\\Pipeline.php(130): Illuminate\\Foundation\\Http\\Kernel->Illuminate\\Foundation\\Http\\{closure}(Object(Illuminate\\Http\\Request))
#39 D:\\HocTap\\xampp\\htdocs\\NhomTruyenLaravel\\vendor\\laravel\\framework\\src\\Illuminate\\Foundation\\Http\\Middleware\\TransformsRequest.php(21): Illuminate\\Pipeline\\Pipeline->Illuminate\\Pipeline\\{closure}(Object(Illuminate\\Http\\Request))
#40 D:\\HocTap\\xampp\\htdocs\\NhomTruyenLaravel\\vendor\\laravel\\framework\\src\\Illuminate\\Pipeline\\Pipeline.php(171): Illuminate\\Foundation\\Http\\Middleware\\TransformsRequest->handle(Object(Illuminate\\Http\\Request), Object(Closure))
#41 D:\\HocTap\\xampp\\htdocs\\NhomTruyenLaravel\\vendor\\laravel\\framework\\src\\Illuminate\\Foundation\\Http\\Middleware\\TransformsRequest.php(21): Illuminate\\Pipeline\\Pipeline->Illuminate\\Pipeline\\{closure}(Object(Illuminate\\Http\\Request))
#42 D:\\HocTap\\xampp\\htdocs\\NhomTruyenLaravel\\vendor\\laravel\\framework\\src\\Illuminate\\Pipeline\\Pipeline.php(171): Illuminate\\Foundation\\Http\\Middleware\\TransformsRequest->handle(Object(Illuminate\\Http\\Request), Object(Closure))
#43 D:\\HocTap\\xampp\\htdocs\\NhomTruyenLaravel\\vendor\\laravel\\framework\\src\\Illuminate\\Foundation\\Http\\Middleware\\ValidatePostSize.php(27): Illuminate\\Pipeline\\Pipeline->Illuminate\\Pipeline\\{closure}(Object(Illuminate\\Http\\Request))
#44 D:\\HocTap\\xampp\\htdocs\\NhomTruyenLaravel\\vendor\\laravel\\framework\\src\\Illuminate\\Pipeline\\Pipeline.php(171): Illuminate\\Foundation\\Http\\Middleware\\ValidatePostSize->handle(Object(Illuminate\\Http\\Request), Object(Closure))
#45 D:\\HocTap\\xampp\\htdocs\\NhomTruyenLaravel\\vendor\\laravel\\framework\\src\\Illuminate\\Foundation\\Http\\Middleware\\CheckForMaintenanceMode.php(62): Illuminate\\Pipeline\\Pipeline->Illuminate\\Pipeline\\{closure}(Object(Illuminate\\Http\\Request))
#46 D:\\HocTap\\xampp\\htdocs\\NhomTruyenLaravel\\vendor\\laravel\\framework\\src\\Illuminate\\Pipeline\\Pipeline.php(171): Illuminate\\Foundation\\Http\\Middleware\\CheckForMaintenanceMode->handle(Object(Illuminate\\Http\\Request), Object(Closure))
#47 D:\\HocTap\\xampp\\htdocs\\NhomTruyenLaravel\\vendor\\fideloper\\proxy\\src\\TrustProxies.php(57): Illuminate\\Pipeline\\Pipeline->Illuminate\\Pipeline\\{closure}(Object(Illuminate\\Http\\Request))
#48 D:\\HocTap\\xampp\\htdocs\\NhomTruyenLaravel\\vendor\\laravel\\framework\\src\\Illuminate\\Pipeline\\Pipeline.php(171): Fideloper\\Proxy\\TrustProxies->handle(Object(Illuminate\\Http\\Request), Object(Closure))
#49 D:\\HocTap\\xampp\\htdocs\\NhomTruyenLaravel\\vendor\\laravel\\framework\\src\\Illuminate\\Pipeline\\Pipeline.php(105): Illuminate\\Pipeline\\Pipeline->Illuminate\\Pipeline\\{closure}(Object(Illuminate\\Http\\Request))
#50 D:\\HocTap\\xampp\\htdocs\\NhomTruyenLaravel\\vendor\\laravel\\framework\\src\\Illuminate\\Foundation\\Http\\Kernel.php(151): Illuminate\\Pipeline\\Pipeline->then(Object(Closure))
#51 D:\\HocTap\\xampp\\htdocs\\NhomTruyenLaravel\\vendor\\laravel\\framework\\src\\Illuminate\\Foundation\\Http\\Kernel.php(116): Illuminate\\Foundation\\Http\\Kernel->sendRequestThroughRouter(Object(Illuminate\\Http\\Request))
#52 D:\\HocTap\\xampp\\htdocs\\NhomTruyenLaravel\\public\\index.php(55): Illuminate\\Foundation\\Http\\Kernel->handle(Object(Illuminate\\Http\\Request))
#53 {main}

[previous exception] [object] (Doctrine\\DBAL\\Driver\\PDOException(code: 2054): SQLSTATE[HY000] [2054] The server requested authentication method unknown to the client at D:\\HocTap\\xampp\\htdocs\\NhomTruyenLaravel\\vendor\\doctrine\\dbal\\lib\\Doctrine\\DBAL\\Driver\\PDOConnection.php:31)
[stacktrace]
#0 D:\\HocTap\\xampp\\htdocs\\NhomTruyenLaravel\\vendor\\laravel\\framework\\src\\Illuminate\\Database\\Connectors\\Connector.php(67): Doctrine\\DBAL\\Driver\\PDOConnection->__construct('mysql:host=127....', 'root', '', Array)
#1 D:\\HocTap\\xampp\\htdocs\\NhomTruyenLaravel\\vendor\\laravel\\framework\\src\\Illuminate\\Database\\Connectors\\Connector.php(46): Illuminate\\Database\\Connectors\\Connector->createPdoConnection('mysql:host=127....', 'root', '', Array)
#2 D:\\HocTap\\xampp\\htdocs\\NhomTruyenLaravel\\vendor\\laravel\\framework\\src\\Illuminate\\Database\\Connectors\\MySqlConnector.php(24): Illuminate\\Database\\Connectors\\Connector->createConnection('mysql:host=127....', Array, Array)
#3 D:\\HocTap\\xampp\\htdocs\\NhomTruyenLaravel\\vendor\\laravel\\framework\\src\\Illuminate\\Database\\Connectors\\ConnectionFactory.php(182): Illuminate\\Database\\Connectors\\MySqlConnector->connect(Array)
#4 [internal function]: Illuminate\\Database\\Connectors\\ConnectionFactory->Illuminate\\Database\\Connectors\\{closure}()
#5 D:\\HocTap\\xampp\\htdocs\\NhomTruyenLaravel\\vendor\\laravel\\framework\\src\\Illuminate\\Database\\Connection.php(920): call_user_func(Object(Closure))
#6 D:\\HocTap\\xampp\\htdocs\\NhomTruyenLaravel\\vendor\\laravel\\framework\\src\\Illuminate\\Database\\Connection.php(945): Illuminate\\Database\\Connection->getPdo()
#7 D:\\HocTap\\xampp\\htdocs\\NhomTruyenLaravel\\vendor\\laravel\\framework\\src\\Illuminate\\Database\\Connection.php(400): Illuminate\\Database\\Connection->getReadPdo()
#8 D:\\HocTap\\xampp\\htdocs\\NhomTruyenLaravel\\vendor\\laravel\\framework\\src\\Illuminate\\Database\\Connection.php(326): Illuminate\\Database\\Connection->getPdoForSelect(true)
#9 D:\\HocTap\\xampp\\htdocs\\NhomTruyenLaravel\\vendor\\laravel\\framework\\src\\Illuminate\\Database\\Connection.php(658): Illuminate\\Database\\Connection->Illuminate\\Database\\{closure}('select * from `...', Array)
#10 D:\\HocTap\\xampp\\htdocs\\NhomTruyenLaravel\\vendor\\laravel\\framework\\src\\Illuminate\\Database\\Connection.php(625): Illuminate\\Database\\Connection->runQueryCallback('select * from `...', Array, Object(Closure))
#11 D:\\HocTap\\xampp\\htdocs\\NhomTruyenLaravel\\vendor\\laravel\\framework\\src\\Illuminate\\Database\\Connection.php(334): Illuminate\\Database\\Connection->run('select * from `...', Array, Object(Closure))
#12 D:\\HocTap\\xampp\\htdocs\\NhomTruyenLaravel\\vendor\\laravel\\framework\\src\\Illuminate\\Database\\Query\\Builder.php(2130): Illuminate\\Database\\Connection->select('select * from `...', Array, true)
#13 D:\\HocTap\\xampp\\htdocs\\NhomTruyenLaravel\\vendor\\laravel\\framework\\src\\Illuminate\\Database\\Query\\Builder.php(2118): Illuminate\\Database\\Query\\Builder->runSelect()
#14 D:\\HocTap\\xampp\\htdocs\\NhomTruyenLaravel\\vendor\\laravel\\framework\\src\\Illuminate\\Database\\Query\\Builder.php(2562): Illuminate\\Database\\Query\\Builder->Illuminate\\Database\\Query\\{closure}()
#15 D:\\HocTap\\xampp\\htdocs\\NhomTruyenLaravel\\vendor\\laravel\\framework\\src\\Illuminate\\Database\\Query\\Builder.php(2119): Illuminate\\Database\\Query\\Builder->onceWithColumns(Array, Object(Closure))
#16 D:\\HocTap\\xampp\\htdocs\\NhomTruyenLaravel\\vendor\\laravel\\framework\\src\\Illuminate\\Database\\Eloquent\\Builder.php(521): Illuminate\\Database\\Query\\Builder->get(Array)
#17 D:\\HocTap\\xampp\\htdocs\\NhomTruyenLaravel\\vendor\\laravel\\framework\\src\\Illuminate\\Database\\Eloquent\\Builder.php(505): Illuminate\\Database\\Eloquent\\Builder->getModels(Array)
#18 D:\\HocTap\\xampp\\htdocs\\NhomTruyenLaravel\\vendor\\laravel\\framework\\src\\Illuminate\\Support\\Traits\\ForwardsCalls.php(23): Illuminate\\Database\\Eloquent\\Builder->get()
#19 D:\\HocTap\\xampp\\htdocs\\NhomTruyenLaravel\\vendor\\laravel\\framework\\src\\Illuminate\\Database\\Eloquent\\Model.php(1618): Illuminate\\Database\\Eloquent\\Model->forwardCallTo(Object(Illuminate\\Database\\Eloquent\\Builder), 'get', Array)
#20 D:\\HocTap\\xampp\\htdocs\\NhomTruyenLaravel\\vendor\\laravel\\framework\\src\\Illuminate\\Database\\Eloquent\\Model.php(1630): Illuminate\\Database\\Eloquent\\Model->__call('get', Array)
#21 D:\\HocTap\\xampp\\htdocs\\NhomTruyenLaravel\\app\\Models\\DAO\\DanhMucDAO.php(33): Illuminate\\Database\\Eloquent\\Model::__callStatic('get', Array)
#22 D:\\HocTap\\xampp\\htdocs\\NhomTruyenLaravel\\app\\Http\\Controllers\\Admin\\DanhMucController.php(12): App\\Models\\DAO\\DanhMucDAO::getData()
#23 [internal function]: App\\Http\\Controllers\\Admin\\DanhMucController->danhMucPage()
#24 D:\\HocTap\\xampp\\htdocs\\NhomTruyenLaravel\\vendor\\laravel\\framework\\src\\Illuminate\\Routing\\Controller.php(54): call_user_func_array(Array, Array)
#25 D:\\HocTap\\xampp\\htdocs\\NhomTruyenLaravel\\vendor\\laravel\\framework\\src\\Illuminate\\Routing\\ControllerDispatcher.php(45): Illuminate\\Routing\\Controller->callAction('danhMucPage', Array)
#26 D:\\HocTap\\xampp\\htdocs\\NhomTruyenLaravel\\vendor\\laravel\\framework\\src\\Illuminate\\Routing\\Route.php(219): Illuminate\\Routing\\ControllerDispatcher->dispatch(Object(Illuminate\\Routing\\Route), Object(App\\Http\\Controllers\\Admin\\DanhMucController), 'danhMucPage')
#27 D:\\HocTap\\xampp\\htdocs\\NhomTruyenLaravel\\vendor\\laravel\\framework\\src\\Illuminate\\Routing\\Route.php(176): Illuminate\\Routing\\Route->runController()
#28 D:\\HocTap\\xampp\\htdocs\\NhomTruyenLaravel\\vendor\\laravel\\framework\\src\\Illuminate\\Routing\\Router.php(680): Illuminate\\Routing\\Route->run()
#29 D:\\HocTap\\xampp\\htdocs\\NhomTruyenLaravel\\vendor\\laravel\\framework\\src\\Illuminate\\Pipeline\\Pipeline.php(130): Illuminate\\Routing\\Router->Illuminate\\Routing\\{closure}(Object(Illuminate\\Http\\Request))
#30 D:\\HocTap\\xampp\\htdocs\\NhomTruyenLaravel\\vendor\\laravel\\framework\\src\\Illuminate\\Routing\\Middleware\\SubstituteBindings.php(41): Illuminate\\Pipeline\\Pipeline->Illuminate\\Pipeline\\{closure}(Object(Illuminate\\Http\\Request))
#31 D:\\HocTap\\xampp\\htdocs\\NhomTruyenLaravel\\vendor\\laravel\\framework\\src\\Illuminate\\Pipeline\\Pipeline.php(171): Illuminate\\Routing\\Middleware\\SubstituteBindings->handle(Object(Illuminate\\Http\\Request), Object(Closure))
#32 D:\\HocTap\\xampp\\htdocs\\NhomTruyenLaravel\\vendor\\laravel\\framework\\src\\Illuminate\\Foundation\\Http\\Middleware\\VerifyCsrfToken.php(76): Illuminate\\Pipeline\\Pipeline->Illuminate\\Pipeline\\{closure}(Object(Illuminate\\Http\\Request))
#33 D:\\HocTap\\xampp\\htdocs\\NhomTruyenLaravel\\vendor\\laravel\\framework\\src\\Illuminate\\Pipeline\\Pipeline.php(171): Illuminate\\Foundation\\Http\\Middleware\\VerifyCsrfToken->handle(Object(Illuminate\\Http\\Request), Object(Closure))
#34 D:\\HocTap\\xampp\\htdocs\\NhomTruyenLaravel\\vendor\\laravel\\framework\\src\\Illuminate\\View\\Middleware\\ShareErrorsFromSession.php(49): Illuminate\\Pipeline\\Pipeline->Illuminate\\Pipeline\\{closure}(Object(Illuminate\\Http\\Request))
#35 D:\\HocTap\\xampp\\htdocs\\NhomTruyenLaravel\\vendor\\laravel\\framework\\src\\Illuminate\\Pipeline\\Pipeline.php(171): Illuminate\\View\\Middleware\\ShareErrorsFromSession->handle(Object(Illuminate\\Http\\Request), Object(Closure))
#36 D:\\HocTap\\xampp\\htdocs\\NhomTruyenLaravel\\vendor\\laravel\\framework\\src\\Illuminate\\Session\\Middleware\\StartSession.php(56): Illuminate\\Pipeline\\Pipeline->Illuminate\\Pipeline\\{closure}(Object(Illuminate\\Http\\Request))
#37 D:\\HocTap\\xampp\\htdocs\\NhomTruyenLaravel\\vendor\\laravel\\framework\\src\\Illuminate\\Pipeline\\Pipeline.php(171): Illuminate\\Session\\Middleware\\StartSession->handle(Object(Illuminate\\Http\\Request), Object(Closure))
#38 D:\\HocTap\\xampp\\htdocs\\NhomTruyenLaravel\\vendor\\laravel\\framework\\src\\Illuminate\\Cookie\\Middleware\\AddQueuedCookiesToResponse.php(37): Illuminate\\Pipeline\\Pipeline->Illuminate\\Pipeline\\{closure}(Object(Illuminate\\Http\\Request))
#39 D:\\HocTap\\xampp\\htdocs\\NhomTruyenLaravel\\vendor\\laravel\\framework\\src\\Illuminate\\Pipeline\\Pipeline.php(171): Illuminate\\Cookie\\Middleware\\AddQueuedCookiesToResponse->handle(Object(Illuminate\\Http\\Request), Object(Closure))
#40 D:\\HocTap\\xampp\\htdocs\\NhomTruyenLaravel\\vendor\\laravel\\framework\\src\\Illuminate\\Cookie\\Middleware\\EncryptCookies.php(66): Illuminate\\Pipeline\\Pipeline->Illuminate\\Pipeline\\{closure}(Object(Illuminate\\Http\\Request))
#41 D:\\HocTap\\xampp\\htdocs\\NhomTruyenLaravel\\vendor\\laravel\\framework\\src\\Illuminate\\Pipeline\\Pipeline.php(171): Illuminate\\Cookie\\Middleware\\EncryptCookies->handle(Object(Illuminate\\Http\\Request), Object(Closure))
#42 D:\\HocTap\\xampp\\htdocs\\NhomTruyenLaravel\\vendor\\laravel\\framework\\src\\Illuminate\\Pipeline\\Pipeline.php(105): Illuminate\\Pipeline\\Pipeline->Illuminate\\Pipeline\\{closure}(Object(Illuminate\\Http\\Request))
#43 D:\\HocTap\\xampp\\htdocs\\NhomTruyenLaravel\\vendor\\laravel\\framework\\src\\Illuminate\\Routing\\Router.php(682): Illuminate\\Pipeline\\Pipeline->then(Object(Closure))
#44 D:\\HocTap\\xampp\\htdocs\\NhomTruyenLaravel\\vendor\\laravel\\framework\\src\\Illuminate\\Routing\\Router.php(657): Illuminate\\Routing\\Router->runRouteWithinStack(Object(Illuminate\\Routing\\Route), Object(Illuminate\\Http\\Request))
#45 D:\\HocTap\\xampp\\htdocs\\NhomTruyenLaravel\\vendor\\laravel\\framework\\src\\Illuminate\\Routing\\Router.php(623): Illuminate\\Routing\\Router->runRoute(Object(Illuminate\\Http\\Request), Object(Illuminate\\Routing\\Route))
#46 D:\\HocTap\\xampp\\htdocs\\NhomTruyenLaravel\\vendor\\laravel\\framework\\src\\Illuminate\\Routing\\Router.php(612): Illuminate\\Routing\\Router->dispatchToRoute(Object(Illuminate\\Http\\Request))
#47 D:\\HocTap\\xampp\\htdocs\\NhomTruyenLaravel\\vendor\\laravel\\framework\\src\\Illuminate\\Foundation\\Http\\Kernel.php(176): Illuminate\\Routing\\Router->dispatch(Object(Illuminate\\Http\\Request))
#48 D:\\HocTap\\xampp\\htdocs\\NhomTruyenLaravel\\vendor\\laravel\\framework\\src\\Illuminate\\Pipeline\\Pipeline.php(130): Illuminate\\Foundation\\Http\\Kernel->Illuminate\\Foundation\\Http\\{closure}(Object(Illuminate\\Http\\Request))
#49 D:\\HocTap\\xampp\\htdocs\\NhomTruyenLaravel\\vendor\\laravel\\framework\\src\\Illuminate\\Foundation\\Http\\Middleware\\TransformsRequest.php(21): Illuminate\\Pipeline\\Pipeline->Illuminate\\Pipeline\\{closure}(Object(Illuminate\\Http\\Request))
#50 D:\\HocTap\\xampp\\htdocs\\NhomTruyenLaravel\\vendor\\laravel\\framework\\src\\Illuminate\\Pipeline\\Pipeline.php(171): Illuminate\\Foundation\\Http\\Middleware\\TransformsRequest->handle(Object(Illuminate\\Http\\Request), Object(Closure))
#51 D:\\HocTap\\xampp\\htdocs\\NhomTruyenLaravel\\vendor\\laravel\\framework\\src\\Illuminate\\Foundation\\Http\\Middleware\\TransformsRequest.php(21): Illuminate\\Pipeline\\Pipeline->Illuminate\\Pipeline\\{closure}(Object(Illuminate\\Http\\Request))
#52 D:\\HocTap\\xampp\\htdocs\\NhomTruyenLaravel\\vendor\\laravel\\framework\\src\\Illuminate\\Pipeline\\Pipeline.php(171): Illuminate\\Foundation\\Http\\Middleware\\TransformsRequest->handle(Object(Illuminate\\Http\\Request), Object(Closure))
#53 D:\\HocTap\\xampp\\htdocs\\NhomTruyenLaravel\\vendor\\laravel\\framework\\src\\Illuminate\\Foundation\\Http\\Middleware\\ValidatePostSize.php(27): Illuminate\\Pipeline\\Pipeline->Illuminate\\Pipeline\\{closure}(Object(Illuminate\\Http\\Request))
#54 D:\\HocTap\\xampp\\htdocs\\NhomTruyenLaravel\\vendor\\laravel\\framework\\src\\Illuminate\\Pipeline\\Pipeline.php(171): Illuminate\\Foundation\\Http\\Middleware\\ValidatePostSize->handle(Object(Illuminate\\Http\\Request), Object(Closure))
#55 D:\\HocTap\\xampp\\htdocs\\NhomTruyenLaravel\\vendor\\laravel\\framework\\src\\Illuminate\\Foundation\\Http\\Middleware\\CheckForMaintenanceMode.php(62): Illuminate\\Pipeline\\Pipeline->Illuminate\\Pipeline\\{closure}(Object(Illuminate\\Http\\Request))
#56 D:\\HocTap\\xampp\\htdocs\\NhomTruyenLaravel\\vendor\\laravel\\framework\\src\\Illuminate\\Pipeline\\Pipeline.php(171): Illuminate\\Foundation\\Http\\Middleware\\CheckForMaintenanceMode->handle(Object(Illuminate\\Http\\Request), Object(Closure))
#57 D:\\HocTap\\xampp\\htdocs\\NhomTruyenLaravel\\vendor\\fideloper\\proxy\\src\\TrustProxies.php(57): Illuminate\\Pipeline\\Pipeline->Illuminate\\Pipeline\\{closure}(Object(Illuminate\\Http\\Request))
#58 D:\\HocTap\\xampp\\htdocs\\NhomTruyenLaravel\\vendor\\laravel\\framework\\src\\Illuminate\\Pipeline\\Pipeline.php(171): Fideloper\\Proxy\\TrustProxies->handle(Object(Illuminate\\Http\\Request), Object(Closure))
#59 D:\\HocTap\\xampp\\htdocs\\NhomTruyenLaravel\\vendor\\laravel\\framework\\src\\Illuminate\\Pipeline\\Pipeline.php(105): Illuminate\\Pipeline\\Pipeline->Illuminate\\Pipeline\\{closure}(Object(Illuminate\\Http\\Request))
#60 D:\\HocTap\\xampp\\htdocs\\NhomTruyenLaravel\\vendor\\laravel\\framework\\src\\Illuminate\\Foundation\\Http\\Kernel.php(151): Illuminate\\Pipeline\\Pipeline->then(Object(Closure))
#61 D:\\HocTap\\xampp\\htdocs\\NhomTruyenLaravel\\vendor\\laravel\\framework\\src\\Illuminate\\Foundation\\Http\\Kernel.php(116): Illuminate\\Foundation\\Http\\Kernel->sendRequestThroughRouter(Object(Illuminate\\Http\\Request))
#62 D:\\HocTap\\xampp\\htdocs\\NhomTruyenLaravel\\public\\index.php(55): Illuminate\\Foundation\\Http\\Kernel->handle(Object(Illuminate\\Http\\Request))
#63 {main}

[previous exception] [object] (PDOException(code: 2054): SQLSTATE[HY000] [2054] The server requested authentication method unknown to the client at D:\\HocTap\\xampp\\htdocs\\NhomTruyenLaravel\\vendor\\doctrine\\dbal\\lib\\Doctrine\\DBAL\\Driver\\PDOConnection.php:27)
[stacktrace]
#0 D:\\HocTap\\xampp\\htdocs\\NhomTruyenLaravel\\vendor\\doctrine\\dbal\\lib\\Doctrine\\DBAL\\Driver\\PDOConnection.php(27): PDO->__construct('mysql:host=127....', 'root', '', Array)
#1 D:\\HocTap\\xampp\\htdocs\\NhomTruyenLaravel\\vendor\\laravel\\framework\\src\\Illuminate\\Database\\Connectors\\Connector.php(67): Doctrine\\DBAL\\Driver\\PDOConnection->__construct('mysql:host=127....', 'root', '', Array)
#2 D:\\HocTap\\xampp\\htdocs\\NhomTruyenLaravel\\vendor\\laravel\\framework\\src\\Illuminate\\Database\\Connectors\\Connector.php(46): Illuminate\\Database\\Connectors\\Connector->createPdoConnection('mysql:host=127....', 'root', '', Array)
#3 D:\\HocTap\\xampp\\htdocs\\NhomTruyenLaravel\\vendor\\laravel\\framework\\src\\Illuminate\\Database\\Connectors\\MySqlConnector.php(24): Illuminate\\Database\\Connectors\\Connector->createConnection('mysql:host=127....', Array, Array)
#4 D:\\HocTap\\xampp\\htdocs\\NhomTruyenLaravel\\vendor\\laravel\\framework\\src\\Illuminate\\Database\\Connectors\\ConnectionFactory.php(182): Illuminate\\Database\\Connectors\\MySqlConnector->connect(Array)
#5 [internal function]: Illuminate\\Database\\Connectors\\ConnectionFactory->Illuminate\\Database\\Connectors\\{closure}()
#6 D:\\HocTap\\xampp\\htdocs\\NhomTruyenLaravel\\vendor\\laravel\\framework\\src\\Illuminate\\Database\\Connection.php(920): call_user_func(Object(Closure))
#7 D:\\HocTap\\xampp\\htdocs\\NhomTruyenLaravel\\vendor\\laravel\\framework\\src\\Illuminate\\Database\\Connection.php(945): Illuminate\\Database\\Connection->getPdo()
#8 D:\\HocTap\\xampp\\htdocs\\NhomTruyenLaravel\\vendor\\laravel\\framework\\src\\Illuminate\\Database\\Connection.php(400): Illuminate\\Database\\Connection->getReadPdo()
#9 D:\\HocTap\\xampp\\htdocs\\NhomTruyenLaravel\\vendor\\laravel\\framework\\src\\Illuminate\\Database\\Connection.php(326): Illuminate\\Database\\Connection->getPdoForSelect(true)
#10 D:\\HocTap\\xampp\\htdocs\\NhomTruyenLaravel\\vendor\\laravel\\framework\\src\\Illuminate\\Database\\Connection.php(658): Illuminate\\Database\\Connection->Illuminate\\Database\\{closure}('select * from `...', Array)
#11 D:\\HocTap\\xampp\\htdocs\\NhomTruyenLaravel\\vendor\\laravel\\framework\\src\\Illuminate\\Database\\Connection.php(625): Illuminate\\Database\\Connection->runQueryCallback('select * from `...', Array, Object(Closure))
#12 D:\\HocTap\\xampp\\htdocs\\NhomTruyenLaravel\\vendor\\laravel\\framework\\src\\Illuminate\\Database\\Connection.php(334): Illuminate\\Database\\Connection->run('select * from `...', Array, Object(Closure))
#13 D:\\HocTap\\xampp\\htdocs\\NhomTruyenLaravel\\vendor\\laravel\\framework\\src\\Illuminate\\Database\\Query\\Builder.php(2130): Illuminate\\Database\\Connection->select('select * from `...', Array, true)
#14 D:\\HocTap\\xampp\\htdocs\\NhomTruyenLaravel\\vendor\\laravel\\framework\\src\\Illuminate\\Database\\Query\\Builder.php(2118): Illuminate\\Database\\Query\\Builder->runSelect()
#15 D:\\HocTap\\xampp\\htdocs\\NhomTruyenLaravel\\vendor\\laravel\\framework\\src\\Illuminate\\Database\\Query\\Builder.php(2562): Illuminate\\Database\\Query\\Builder->Illuminate\\Database\\Query\\{closure}()
#16 D:\\HocTap\\xampp\\htdocs\\NhomTruyenLaravel\\vendor\\laravel\\framework\\src\\Illuminate\\Database\\Query\\Builder.php(2119): Illuminate\\Database\\Query\\Builder->onceWithColumns(Array, Object(Closure))
#17 D:\\HocTap\\xampp\\htdocs\\NhomTruyenLaravel\\vendor\\laravel\\framework\\src\\Illuminate\\Database\\Eloquent\\Builder.php(521): Illuminate\\Database\\Query\\Builder->get(Array)
#18 D:\\HocTap\\xampp\\htdocs\\NhomTruyenLaravel\\vendor\\laravel\\framework\\src\\Illuminate\\Database\\Eloquent\\Builder.php(505): Illuminate\\Database\\Eloquent\\Builder->getModels(Array)
#19 D:\\HocTap\\xampp\\htdocs\\NhomTruyenLaravel\\vendor\\laravel\\framework\\src\\Illuminate\\Support\\Traits\\ForwardsCalls.php(23): Illuminate\\Database\\Eloquent\\Builder->get()
#20 D:\\HocTap\\xampp\\htdocs\\NhomTruyenLaravel\\vendor\\laravel\\framework\\src\\Illuminate\\Database\\Eloquent\\Model.php(1618): Illuminate\\Database\\Eloquent\\Model->forwardCallTo(Object(Illuminate\\Database\\Eloquent\\Builder), 'get', Array)
#21 D:\\HocTap\\xampp\\htdocs\\NhomTruyenLaravel\\vendor\\laravel\\framework\\src\\Illuminate\\Database\\Eloquent\\Model.php(1630): Illuminate\\Database\\Eloquent\\Model->__call('get', Array)
#22 D:\\HocTap\\xampp\\htdocs\\NhomTruyenLaravel\\app\\Models\\DAO\\DanhMucDAO.php(33): Illuminate\\Database\\Eloquent\\Model::__callStatic('get', Array)
#23 D:\\HocTap\\xampp\\htdocs\\NhomTruyenLaravel\\app\\Http\\Controllers\\Admin\\DanhMucController.php(12): App\\Models\\DAO\\DanhMucDAO::getData()
#24 [internal function]: App\\Http\\Controllers\\Admin\\DanhMucController->danhMucPage()
#25 D:\\HocTap\\xampp\\htdocs\\NhomTruyenLaravel\\vendor\\laravel\\framework\\src\\Illuminate\\Routing\\Controller.php(54): call_user_func_array(Array, Array)
#26 D:\\HocTap\\xampp\\htdocs\\NhomTruyenLaravel\\vendor\\laravel\\framework\\src\\Illuminate\\Routing\\ControllerDispatcher.php(45): Illuminate\\Routing\\Controller->callAction('danhMucPage', Array)
#27 D:\\HocTap\\xampp\\htdocs\\NhomTruyenLaravel\\vendor\\laravel\\framework\\src\\Illuminate\\Routing\\Route.php(219): Illuminate\\Routing\\ControllerDispatcher->dispatch(Object(Illuminate\\Routing\\Route), Object(App\\Http\\Controllers\\Admin\\DanhMucController), 'danhMucPage')
#28 D:\\HocTap\\xampp\\htdocs\\NhomTruyenLaravel\\vendor\\laravel\\framework\\src\\Illuminate\\Routing\\Route.php(176): Illuminate\\Routing\\Route->runController()
#29 D:\\HocTap\\xampp\\htdocs\\NhomTruyenLaravel\\vendor\\laravel\\framework\\src\\Illuminate\\Routing\\Router.php(680): Illuminate\\Routing\\Route->run()
#30 D:\\HocTap\\xampp\\htdocs\\NhomTruyenLaravel\\vendor\\laravel\\framework\\src\\Illuminate\\Pipeline\\Pipeline.php(130): Illuminate\\Routing\\Router->Illuminate\\Routing\\{closure}(Object(Illuminate\\Http\\Request))
#31 D:\\HocTap\\xampp\\htdocs\\NhomTruyenLaravel\\vendor\\laravel\\framework\\src\\Illuminate\\Routing\\Middleware\\SubstituteBindings.php(41): Illuminate\\Pipeline\\Pipeline->Illuminate\\Pipeline\\{closure}(Object(Illuminate\\Http\\Request))
#32 D:\\HocTap\\xampp\\htdocs\\NhomTruyenLaravel\\vendor\\laravel\\framework\\src\\Illuminate\\Pipeline\\Pipeline.php(171): Illuminate\\Routing\\Middleware\\SubstituteBindings->handle(Object(Illuminate\\Http\\Request), Object(Closure))
#33 D:\\HocTap\\xampp\\htdocs\\NhomTruyenLaravel\\vendor\\laravel\\framework\\src\\Illuminate\\Foundation\\Http\\Middleware\\VerifyCsrfToken.php(76): Illuminate\\Pipeline\\Pipeline->Illuminate\\Pipeline\\{closure}(Object(Illuminate\\Http\\Request))
#34 D:\\HocTap\\xampp\\htdocs\\NhomTruyenLaravel\\vendor\\laravel\\framework\\src\\Illuminate\\Pipeline\\Pipeline.php(171): Illuminate\\Foundation\\Http\\Middleware\\VerifyCsrfToken->handle(Object(Illuminate\\Http\\Request), Object(Closure))
#35 D:\\HocTap\\xampp\\htdocs\\NhomTruyenLaravel\\vendor\\laravel\\framework\\src\\Illuminate\\View\\Middleware\\ShareErrorsFromSession.php(49): Illuminate\\Pipeline\\Pipeline->Illuminate\\Pipeline\\{closure}(Object(Illuminate\\Http\\Request))
#36 D:\\HocTap\\xampp\\htdocs\\NhomTruyenLaravel\\vendor\\laravel\\framework\\src\\Illuminate\\Pipeline\\Pipeline.php(171): Illuminate\\View\\Middleware\\ShareErrorsFromSession->handle(Object(Illuminate\\Http\\Request), Object(Closure))
#37 D:\\HocTap\\xampp\\htdocs\\NhomTruyenLaravel\\vendor\\laravel\\framework\\src\\Illuminate\\Session\\Middleware\\StartSession.php(56): Illuminate\\Pipeline\\Pipeline->Illuminate\\Pipeline\\{closure}(Object(Illuminate\\Http\\Request))
#38 D:\\HocTap\\xampp\\htdocs\\NhomTruyenLaravel\\vendor\\laravel\\framework\\src\\Illuminate\\Pipeline\\Pipeline.php(171): Illuminate\\Session\\Middleware\\StartSession->handle(Object(Illuminate\\Http\\Request), Object(Closure))
#39 D:\\HocTap\\xampp\\htdocs\\NhomTruyenLaravel\\vendor\\laravel\\framework\\src\\Illuminate\\Cookie\\Middleware\\AddQueuedCookiesToResponse.php(37): Illuminate\\Pipeline\\Pipeline->Illuminate\\Pipeline\\{closure}(Object(Illuminate\\Http\\Request))
#40 D:\\HocTap\\xampp\\htdocs\\NhomTruyenLaravel\\vendor\\laravel\\framework\\src\\Illuminate\\Pipeline\\Pipeline.php(171): Illuminate\\Cookie\\Middleware\\AddQueuedCookiesToResponse->handle(Object(Illuminate\\Http\\Request), Object(Closure))
#41 D:\\HocTap\\xampp\\htdocs\\NhomTruyenLaravel\\vendor\\laravel\\framework\\src\\Illuminate\\Cookie\\Middleware\\EncryptCookies.php(66): Illuminate\\Pipeline\\Pipeline->Illuminate\\Pipeline\\{closure}(Object(Illuminate\\Http\\Request))
#42 D:\\HocTap\\xampp\\htdocs\\NhomTruyenLaravel\\vendor\\laravel\\framework\\src\\Illuminate\\Pipeline\\Pipeline.php(171): Illuminate\\Cookie\\Middleware\\EncryptCookies->handle(Object(Illuminate\\Http\\Request), Object(Closure))
#43 D:\\HocTap\\xampp\\htdocs\\NhomTruyenLaravel\\vendor\\laravel\\framework\\src\\Illuminate\\Pipeline\\Pipeline.php(105): Illuminate\\Pipeline\\Pipeline->Illuminate\\Pipeline\\{closure}(Object(Illuminate\\Http\\Request))
#44 D:\\HocTap\\xampp\\htdocs\\NhomTruyenLaravel\\vendor\\laravel\\framework\\src\\Illuminate\\Routing\\Router.php(682): Illuminate\\Pipeline\\Pipeline->then(Object(Closure))
#45 D:\\HocTap\\xampp\\htdocs\\NhomTruyenLaravel\\vendor\\laravel\\framework\\src\\Illuminate\\Routing\\Router.php(657): Illuminate\\Routing\\Router->runRouteWithinStack(Object(Illuminate\\Routing\\Route), Object(Illuminate\\Http\\Request))
#46 D:\\HocTap\\xampp\\htdocs\\NhomTruyenLaravel\\vendor\\laravel\\framework\\src\\Illuminate\\Routing\\Router.php(623): Illuminate\\Routing\\Router->runRoute(Object(Illuminate\\Http\\Request), Object(Illuminate\\Routing\\Route))
#47 D:\\HocTap\\xampp\\htdocs\\NhomTruyenLaravel\\vendor\\laravel\\framework\\src\\Illuminate\\Routing\\Router.php(612): Illuminate\\Routing\\Router->dispatchToRoute(Object(Illuminate\\Http\\Request))
#48 D:\\HocTap\\xampp\\htdocs\\NhomTruyenLaravel\\vendor\\laravel\\framework\\src\\Illuminate\\Foundation\\Http\\Kernel.php(176): Illuminate\\Routing\\Router->dispatch(Object(Illuminate\\Http\\Request))
#49 D:\\HocTap\\xampp\\htdocs\\NhomTruyenLaravel\\vendor\\laravel\\framework\\src\\Illuminate\\Pipeline\\Pipeline.php(130): Illuminate\\Foundation\\Http\\Kernel->Illuminate\\Foundation\\Http\\{closure}(Object(Illuminate\\Http\\Request))
#50 D:\\HocTap\\xampp\\htdocs\\NhomTruyenLaravel\\vendor\\laravel\\framework\\src\\Illuminate\\Foundation\\Http\\Middleware\\TransformsRequest.php(21): Illuminate\\Pipeline\\Pipeline->Illuminate\\Pipeline\\{closure}(Object(Illuminate\\Http\\Request))
#51 D:\\HocTap\\xampp\\htdocs\\NhomTruyenLaravel\\vendor\\laravel\\framework\\src\\Illuminate\\Pipeline\\Pipeline.php(171): Illuminate\\Foundation\\Http\\Middleware\\TransformsRequest->handle(Object(Illuminate\\Http\\Request), Object(Closure))
#52 D:\\HocTap\\xampp\\htdocs\\NhomTruyenLaravel\\vendor\\laravel\\framework\\src\\Illuminate\\Foundation\\Http\\Middleware\\TransformsRequest.php(21): Illuminate\\Pipeline\\Pipeline->Illuminate\\Pipeline\\{closure}(Object(Illuminate\\Http\\Request))
#53 D:\\HocTap\\xampp\\htdocs\\NhomTruyenLaravel\\vendor\\laravel\\framework\\src\\Illuminate\\Pipeline\\Pipeline.php(171): Illuminate\\Foundation\\Http\\Middleware\\TransformsRequest->handle(Object(Illuminate\\Http\\Request), Object(Closure))
#54 D:\\HocTap\\xampp\\htdocs\\NhomTruyenLaravel\\vendor\\laravel\\framework\\src\\Illuminate\\Foundation\\Http\\Middleware\\ValidatePostSize.php(27): Illuminate\\Pipeline\\Pipeline->Illuminate\\Pipeline\\{closure}(Object(Illuminate\\Http\\Request))
#55 D:\\HocTap\\xampp\\htdocs\\NhomTruyenLaravel\\vendor\\laravel\\framework\\src\\Illuminate\\Pipeline\\Pipeline.php(171): Illuminate\\Foundation\\Http\\Middleware\\ValidatePostSize->handle(Object(Illuminate\\Http\\Request), Object(Closure))
#56 D:\\HocTap\\xampp\\htdocs\\NhomTruyenLaravel\\vendor\\laravel\\framework\\src\\Illuminate\\Foundation\\Http\\Middleware\\CheckForMaintenanceMode.php(62): Illuminate\\Pipeline\\Pipeline->Illuminate\\Pipeline\\{closure}(Object(Illuminate\\Http\\Request))
#57 D:\\HocTap\\xampp\\htdocs\\NhomTruyenLaravel\\vendor\\laravel\\framework\\src\\Illuminate\\Pipeline\\Pipeline.php(171): Illuminate\\Foundation\\Http\\Middleware\\CheckForMaintenanceMode->handle(Object(Illuminate\\Http\\Request), Object(Closure))
#58 D:\\HocTap\\xampp\\htdocs\\NhomTruyenLaravel\\vendor\\fideloper\\proxy\\src\\TrustProxies.php(57): Illuminate\\Pipeline\\Pipeline->Illuminate\\Pipeline\\{closure}(Object(Illuminate\\Http\\Request))
#59 D:\\HocTap\\xampp\\htdocs\\NhomTruyenLaravel\\vendor\\laravel\\framework\\src\\Illuminate\\Pipeline\\Pipeline.php(171): Fideloper\\Proxy\\TrustProxies->handle(Object(Illuminate\\Http\\Request), Object(Closure))
#60 D:\\HocTap\\xampp\\htdocs\\NhomTruyenLaravel\\vendor\\laravel\\framework\\src\\Illuminate\\Pipeline\\Pipeline.php(105): Illuminate\\Pipeline\\Pipeline->Illuminate\\Pipeline\\{closure}(Object(Illuminate\\Http\\Request))
#61 D:\\HocTap\\xampp\\htdocs\\NhomTruyenLaravel\\vendor\\laravel\\framework\\src\\Illuminate\\Foundation\\Http\\Kernel.php(151): Illuminate\\Pipeline\\Pipeline->then(Object(Closure))
#62 D:\\HocTap\\xampp\\htdocs\\NhomTruyenLaravel\\vendor\\laravel\\framework\\src\\Illuminate\\Foundation\\Http\\Kernel.php(116): Illuminate\\Foundation\\Http\\Kernel->sendRequestThroughRouter(Object(Illuminate\\Http\\Request))
#63 D:\\HocTap\\xampp\\htdocs\\NhomTruyenLaravel\\public\\index.php(55): Illuminate\\Foundation\\Http\\Kernel->handle(Object(Illuminate\\Http\\Request))
#64 {main}

[previous exception] [object] (PDOException(code: 0): PDO::__construct(): The server requested authentication method unknown to the client [caching_sha2_password] at D:\\HocTap\\xampp\\htdocs\\NhomTruyenLaravel\\vendor\\doctrine\\dbal\\lib\\Doctrine\\DBAL\\Driver\\PDOConnection.php:27)
[stacktrace]
#0 D:\\HocTap\\xampp\\htdocs\\NhomTruyenLaravel\\vendor\\doctrine\\dbal\\lib\\Doctrine\\DBAL\\Driver\\PDOConnection.php(27): PDO->__construct('mysql:host=127....', 'root', '', Array)
#1 D:\\HocTap\\xampp\\htdocs\\NhomTruyenLaravel\\vendor\\laravel\\framework\\src\\Illuminate\\Database\\Connectors\\Connector.php(67): Doctrine\\DBAL\\Driver\\PDOConnection->__construct('mysql:host=127....', 'root', '', Array)
#2 D:\\HocTap\\xampp\\htdocs\\NhomTruyenLaravel\\vendor\\laravel\\framework\\src\\Illuminate\\Database\\Connectors\\Connector.php(46): Illuminate\\Database\\Connectors\\Connector->createPdoConnection('mysql:host=127....', 'root', '', Array)
#3 D:\\HocTap\\xampp\\htdocs\\NhomTruyenLaravel\\vendor\\laravel\\framework\\src\\Illuminate\\Database\\Connectors\\MySqlConnector.php(24): Illuminate\\Database\\Connectors\\Connector->createConnection('mysql:host=127....', Array, Array)
#4 D:\\HocTap\\xampp\\htdocs\\NhomTruyenLaravel\\vendor\\laravel\\framework\\src\\Illuminate\\Database\\Connectors\\ConnectionFactory.php(182): Illuminate\\Database\\Connectors\\MySqlConnector->connect(Array)
#5 [internal function]: Illuminate\\Database\\Connectors\\ConnectionFactory->Illuminate\\Database\\Connectors\\{closure}()
#6 D:\\HocTap\\xampp\\htdocs\\NhomTruyenLaravel\\vendor\\laravel\\framework\\src\\Illuminate\\Database\\Connection.php(920): call_user_func(Object(Closure))
#7 D:\\HocTap\\xampp\\htdocs\\NhomTruyenLaravel\\vendor\\laravel\\framework\\src\\Illuminate\\Database\\Connection.php(945): Illuminate\\Database\\Connection->getPdo()
#8 D:\\HocTap\\xampp\\htdocs\\NhomTruyenLaravel\\vendor\\laravel\\framework\\src\\Illuminate\\Database\\Connection.php(400): Illuminate\\Database\\Connection->getReadPdo()
#9 D:\\HocTap\\xampp\\htdocs\\NhomTruyenLaravel\\vendor\\laravel\\framework\\src\\Illuminate\\Database\\Connection.php(326): Illuminate\\Database\\Connection->getPdoForSelect(true)
#10 D:\\HocTap\\xampp\\htdocs\\NhomTruyenLaravel\\vendor\\laravel\\framework\\src\\Illuminate\\Database\\Connection.php(658): Illuminate\\Database\\Connection->Illuminate\\Database\\{closure}('select * from `...', Array)
#11 D:\\HocTap\\xampp\\htdocs\\NhomTruyenLaravel\\vendor\\laravel\\framework\\src\\Illuminate\\Database\\Connection.php(625): Illuminate\\Database\\Connection->runQueryCallback('select * from `...', Array, Object(Closure))
#12 D:\\HocTap\\xampp\\htdocs\\NhomTruyenLaravel\\vendor\\laravel\\framework\\src\\Illuminate\\Database\\Connection.php(334): Illuminate\\Database\\Connection->run('select * from `...', Array, Object(Closure))
#13 D:\\HocTap\\xampp\\htdocs\\NhomTruyenLaravel\\vendor\\laravel\\framework\\src\\Illuminate\\Database\\Query\\Builder.php(2130): Illuminate\\Database\\Connection->select('select * from `...', Array, true)
#14 D:\\HocTap\\xampp\\htdocs\\NhomTruyenLaravel\\vendor\\laravel\\framework\\src\\Illuminate\\Database\\Query\\Builder.php(2118): Illuminate\\Database\\Query\\Builder->runSelect()
#15 D:\\HocTap\\xampp\\htdocs\\NhomTruyenLaravel\\vendor\\laravel\\framework\\src\\Illuminate\\Database\\Query\\Builder.php(2562): Illuminate\\Database\\Query\\Builder->Illuminate\\Database\\Query\\{closure}()
#16 D:\\HocTap\\xampp\\htdocs\\NhomTruyenLaravel\\vendor\\laravel\\framework\\src\\Illuminate\\Database\\Query\\Builder.php(2119): Illuminate\\Database\\Query\\Builder->onceWithColumns(Array, Object(Closure))
#17 D:\\HocTap\\xampp\\htdocs\\NhomTruyenLaravel\\vendor\\laravel\\framework\\src\\Illuminate\\Database\\Eloquent\\Builder.php(521): Illuminate\\Database\\Query\\Builder->get(Array)
#18 D:\\HocTap\\xampp\\htdocs\\NhomTruyenLaravel\\vendor\\laravel\\framework\\src\\Illuminate\\Database\\Eloquent\\Builder.php(505): Illuminate\\Database\\Eloquent\\Builder->getModels(Array)
#19 D:\\HocTap\\xampp\\htdocs\\NhomTruyenLaravel\\vendor\\laravel\\framework\\src\\Illuminate\\Support\\Traits\\ForwardsCalls.php(23): Illuminate\\Database\\Eloquent\\Builder->get()
#20 D:\\HocTap\\xampp\\htdocs\\NhomTruyenLaravel\\vendor\\laravel\\framework\\src\\Illuminate\\Database\\Eloquent\\Model.php(1618): Illuminate\\Database\\Eloquent\\Model->forwardCallTo(Object(Illuminate\\Database\\Eloquent\\Builder), 'get', Array)
#21 D:\\HocTap\\xampp\\htdocs\\NhomTruyenLaravel\\vendor\\laravel\\framework\\src\\Illuminate\\Database\\Eloquent\\Model.php(1630): Illuminate\\Database\\Eloquent\\Model->__call('get', Array)
#22 D:\\HocTap\\xampp\\htdocs\\NhomTruyenLaravel\\app\\Models\\DAO\\DanhMucDAO.php(33): Illuminate\\Database\\Eloquent\\Model::__callStatic('get', Array)
#23 D:\\HocTap\\xampp\\htdocs\\NhomTruyenLaravel\\app\\Http\\Controllers\\Admin\\DanhMucController.php(12): App\\Models\\DAO\\DanhMucDAO::getData()
#24 [internal function]: App\\Http\\Controllers\\Admin\\DanhMucController->danhMucPage()
#25 D:\\HocTap\\xampp\\htdocs\\NhomTruyenLaravel\\vendor\\laravel\\framework\\src\\Illuminate\\Routing\\Controller.php(54): call_user_func_array(Array, Array)
#26 D:\\HocTap\\xampp\\htdocs\\NhomTruyenLaravel\\vendor\\laravel\\framework\\src\\Illuminate\\Routing\\ControllerDispatcher.php(45): Illuminate\\Routing\\Controller->callAction('danhMucPage', Array)
#27 D:\\HocTap\\xampp\\htdocs\\NhomTruyenLaravel\\vendor\\laravel\\framework\\src\\Illuminate\\Routing\\Route.php(219): Illuminate\\Routing\\ControllerDispatcher->dispatch(Object(Illuminate\\Routing\\Route), Object(App\\Http\\Controllers\\Admin\\DanhMucController), 'danhMucPage')
#28 D:\\HocTap\\xampp\\htdocs\\NhomTruyenLaravel\\vendor\\laravel\\framework\\src\\Illuminate\\Routing\\Route.php(176): Illuminate\\Routing\\Route->runController()
#29 D:\\HocTap\\xampp\\htdocs\\NhomTruyenLaravel\\vendor\\laravel\\framework\\src\\Illuminate\\Routing\\Router.php(680): Illuminate\\Routing\\Route->run()
#30 D:\\HocTap\\xampp\\htdocs\\NhomTruyenLaravel\\vendor\\laravel\\framework\\src\\Illuminate\\Pipeline\\Pipeline.php(130): Illuminate\\Routing\\Router->Illuminate\\Routing\\{closure}(Object(Illuminate\\Http\\Request))
#31 D:\\HocTap\\xampp\\htdocs\\NhomTruyenLaravel\\vendor\\laravel\\framework\\src\\Illuminate\\Routing\\Middleware\\SubstituteBindings.php(41): Illuminate\\Pipeline\\Pipeline->Illuminate\\Pipeline\\{closure}(Object(Illuminate\\Http\\Request))
#32 D:\\HocTap\\xampp\\htdocs\\NhomTruyenLaravel\\vendor\\laravel\\framework\\src\\Illuminate\\Pipeline\\Pipeline.php(171): Illuminate\\Routing\\Middleware\\SubstituteBindings->handle(Object(Illuminate\\Http\\Request), Object(Closure))
#33 D:\\HocTap\\xampp\\htdocs\\NhomTruyenLaravel\\vendor\\laravel\\framework\\src\\Illuminate\\Foundation\\Http\\Middleware\\VerifyCsrfToken.php(76): Illuminate\\Pipeline\\Pipeline->Illuminate\\Pipeline\\{closure}(Object(Illuminate\\Http\\Request))
#34 D:\\HocTap\\xampp\\htdocs\\NhomTruyenLaravel\\vendor\\laravel\\framework\\src\\Illuminate\\Pipeline\\Pipeline.php(171): Illuminate\\Foundation\\Http\\Middleware\\VerifyCsrfToken->handle(Object(Illuminate\\Http\\Request), Object(Closure))
#35 D:\\HocTap\\xampp\\htdocs\\NhomTruyenLaravel\\vendor\\laravel\\framework\\src\\Illuminate\\View\\Middleware\\ShareErrorsFromSession.php(49): Illuminate\\Pipeline\\Pipeline->Illuminate\\Pipeline\\{closure}(Object(Illuminate\\Http\\Request))
#36 D:\\HocTap\\xampp\\htdocs\\NhomTruyenLaravel\\vendor\\laravel\\framework\\src\\Illuminate\\Pipeline\\Pipeline.php(171): Illuminate\\View\\Middleware\\ShareErrorsFromSession->handle(Object(Illuminate\\Http\\Request), Object(Closure))
#37 D:\\HocTap\\xampp\\htdocs\\NhomTruyenLaravel\\vendor\\laravel\\framework\\src\\Illuminate\\Session\\Middleware\\StartSession.php(56): Illuminate\\Pipeline\\Pipeline->Illuminate\\Pipeline\\{closure}(Object(Illuminate\\Http\\Request))
#38 D:\\HocTap\\xampp\\htdocs\\NhomTruyenLaravel\\vendor\\laravel\\framework\\src\\Illuminate\\Pipeline\\Pipeline.php(171): Illuminate\\Session\\Middleware\\StartSession->handle(Object(Illuminate\\Http\\Request), Object(Closure))
#39 D:\\HocTap\\xampp\\htdocs\\NhomTruyenLaravel\\vendor\\laravel\\framework\\src\\Illuminate\\Cookie\\Middleware\\AddQueuedCookiesToResponse.php(37): Illuminate\\Pipeline\\Pipeline->Illuminate\\Pipeline\\{closure}(Object(Illuminate\\Http\\Request))
#40 D:\\HocTap\\xampp\\htdocs\\NhomTruyenLaravel\\vendor\\laravel\\framework\\src\\Illuminate\\Pipeline\\Pipeline.php(171): Illuminate\\Cookie\\Middleware\\AddQueuedCookiesToResponse->handle(Object(Illuminate\\Http\\Request), Object(Closure))
#41 D:\\HocTap\\xampp\\htdocs\\NhomTruyenLaravel\\vendor\\laravel\\framework\\src\\Illuminate\\Cookie\\Middleware\\EncryptCookies.php(66): Illuminate\\Pipeline\\Pipeline->Illuminate\\Pipeline\\{closure}(Object(Illuminate\\Http\\Request))
#42 D:\\HocTap\\xampp\\htdocs\\NhomTruyenLaravel\\vendor\\laravel\\framework\\src\\Illuminate\\Pipeline\\Pipeline.php(171): Illuminate\\Cookie\\Middleware\\EncryptCookies->handle(Object(Illuminate\\Http\\Request), Object(Closure))
#43 D:\\HocTap\\xampp\\htdocs\\NhomTruyenLaravel\\vendor\\laravel\\framework\\src\\Illuminate\\Pipeline\\Pipeline.php(105): Illuminate\\Pipeline\\Pipeline->Illuminate\\Pipeline\\{closure}(Object(Illuminate\\Http\\Request))
#44 D:\\HocTap\\xampp\\htdocs\\NhomTruyenLaravel\\vendor\\laravel\\framework\\src\\Illuminate\\Routing\\Router.php(682): Illuminate\\Pipeline\\Pipeline->then(Object(Closure))
#45 D:\\HocTap\\xampp\\htdocs\\NhomTruyenLaravel\\vendor\\laravel\\framework\\src\\Illuminate\\Routing\\Router.php(657): Illuminate\\Routing\\Router->runRouteWithinStack(Object(Illuminate\\Routing\\Route), Object(Illuminate\\Http\\Request))
#46 D:\\HocTap\\xampp\\htdocs\\NhomTruyenLaravel\\vendor\\laravel\\framework\\src\\Illuminate\\Routing\\Router.php(623): Illuminate\\Routing\\Router->runRoute(Object(Illuminate\\Http\\Request), Object(Illuminate\\Routing\\Route))
#47 D:\\HocTap\\xampp\\htdocs\\NhomTruyenLaravel\\vendor\\laravel\\framework\\src\\Illuminate\\Routing\\Router.php(612): Illuminate\\Routing\\Router->dispatchToRoute(Object(Illuminate\\Http\\Request))
#48 D:\\HocTap\\xampp\\htdocs\\NhomTruyenLaravel\\vendor\\laravel\\framework\\src\\Illuminate\\Foundation\\Http\\Kernel.php(176): Illuminate\\Routing\\Router->dispatch(Object(Illuminate\\Http\\Request))
#49 D:\\HocTap\\xampp\\htdocs\\NhomTruyenLaravel\\vendor\\laravel\\framework\\src\\Illuminate\\Pipeline\\Pipeline.php(130): Illuminate\\Foundation\\Http\\Kernel->Illuminate\\Foundation\\Http\\{closure}(Object(Illuminate\\Http\\Request))
#50 D:\\HocTap\\xampp\\htdocs\\NhomTruyenLaravel\\vendor\\laravel\\framework\\src\\Illuminate\\Foundation\\Http\\Middleware\\TransformsRequest.php(21): Illuminate\\Pipeline\\Pipeline->Illuminate\\Pipeline\\{closure}(Object(Illuminate\\Http\\Request))
#51 D:\\HocTap\\xampp\\htdocs\\NhomTruyenLaravel\\vendor\\laravel\\framework\\src\\Illuminate\\Pipeline\\Pipeline.php(171): Illuminate\\Foundation\\Http\\Middleware\\TransformsRequest->handle(Object(Illuminate\\Http\\Request), Object(Closure))
#52 D:\\HocTap\\xampp\\htdocs\\NhomTruyenLaravel\\vendor\\laravel\\framework\\src\\Illuminate\\Foundation\\Http\\Middleware\\TransformsRequest.php(21): Illuminate\\Pipeline\\Pipeline->Illuminate\\Pipeline\\{closure}(Object(Illuminate\\Http\\Request))
#53 D:\\HocTap\\xampp\\htdocs\\NhomTruyenLaravel\\vendor\\laravel\\framework\\src\\Illuminate\\Pipeline\\Pipeline.php(171): Illuminate\\Foundation\\Http\\Middleware\\TransformsRequest->handle(Object(Illuminate\\Http\\Request), Object(Closure))
#54 D:\\HocTap\\xampp\\htdocs\\NhomTruyenLaravel\\vendor\\laravel\\framework\\src\\Illuminate\\Foundation\\Http\\Middleware\\ValidatePostSize.php(27): Illuminate\\Pipeline\\Pipeline->Illuminate\\Pipeline\\{closure}(Object(Illuminate\\Http\\Request))
#55 D:\\HocTap\\xampp\\htdocs\\NhomTruyenLaravel\\vendor\\laravel\\framework\\src\\Illuminate\\Pipeline\\Pipeline.php(171): Illuminate\\Foundation\\Http\\Middleware\\ValidatePostSize->handle(Object(Illuminate\\Http\\Request), Object(Closure))
#56 D:\\HocTap\\xampp\\htdocs\\NhomTruyenLaravel\\vendor\\laravel\\framework\\src\\Illuminate\\Foundation\\Http\\Middleware\\CheckForMaintenanceMode.php(62): Illuminate\\Pipeline\\Pipeline->Illuminate\\Pipeline\\{closure}(Object(Illuminate\\Http\\Request))
#57 D:\\HocTap\\xampp\\htdocs\\NhomTruyenLaravel\\vendor\\laravel\\framework\\src\\Illuminate\\Pipeline\\Pipeline.php(171): Illuminate\\Foundation\\Http\\Middleware\\CheckForMaintenanceMode->handle(Object(Illuminate\\Http\\Request), Object(Closure))
#58 D:\\HocTap\\xampp\\htdocs\\NhomTruyenLaravel\\vendor\\fideloper\\proxy\\src\\TrustProxies.php(57): Illuminate\\Pipeline\\Pipeline->Illuminate\\Pipeline\\{closure}(Object(Illuminate\\Http\\Request))
#59 D:\\HocTap\\xampp\\htdocs\\NhomTruyenLaravel\\vendor\\laravel\\framework\\src\\Illuminate\\Pipeline\\Pipeline.php(171): Fideloper\\Proxy\\TrustProxies->handle(Object(Illuminate\\Http\\Request), Object(Closure))
#60 D:\\HocTap\\xampp\\htdocs\\NhomTruyenLaravel\\vendor\\laravel\\framework\\src\\Illuminate\\Pipeline\\Pipeline.php(105): Illuminate\\Pipeline\\Pipeline->Illuminate\\Pipeline\\{closure}(Object(Illuminate\\Http\\Request))
#61 D:\\HocTap\\xampp\\htdocs\\NhomTruyenLaravel\\vendor\\laravel\\framework\\src\\Illuminate\\Foundation\\Http\\Kernel.php(151): Illuminate\\Pipeline\\Pipeline->then(Object(Closure))
#62 D:\\HocTap\\xampp\\htdocs\\NhomTruyenLaravel\\vendor\\laravel\\framework\\src\\Illuminate\\Foundation\\Http\\Kernel.php(116): Illuminate\\Foundation\\Http\\Kernel->sendRequestThroughRouter(Object(Illuminate\\Http\\Request))
#63 D:\\HocTap\\xampp\\htdocs\\NhomTruyenLaravel\\public\\index.php(55): Illuminate\\Foundation\\Http\\Kernel->handle(Object(Illuminate\\Http\\Request))
#64 {main}
"} 
[2019-11-05 09:36:53] local.ERROR: SQLSTATE[23000]: Integrity constraint violation: 1048 Column 'ten_danh_muc' cannot be null (SQL: update `tb_danh_muc` set `ten_danh_muc` = ?, `trang_thai` = ?, `tb_danh_muc`.`updated_at` = 2019-11-05 09:36:53 where `id` = 4) {"exception":"[object] (Illuminate\\Database\\QueryException(code: 23000): SQLSTATE[23000]: Integrity constraint violation: 1048 Column 'ten_danh_muc' cannot be null (SQL: update `tb_danh_muc` set `ten_danh_muc` = ?, `trang_thai` = ?, `tb_danh_muc`.`updated_at` = 2019-11-05 09:36:53 where `id` = 4) at D:\\HocTap\\xampp\\htdocs\\NhomTruyenLaravel\\vendor\\laravel\\framework\\src\\Illuminate\\Database\\Connection.php:665)
[stacktrace]
#0 D:\\HocTap\\xampp\\htdocs\\NhomTruyenLaravel\\vendor\\laravel\\framework\\src\\Illuminate\\Database\\Connection.php(625): Illuminate\\Database\\Connection->runQueryCallback('update `tb_danh...', Array, Object(Closure))
#1 D:\\HocTap\\xampp\\htdocs\\NhomTruyenLaravel\\vendor\\laravel\\framework\\src\\Illuminate\\Database\\Connection.php(491): Illuminate\\Database\\Connection->run('update `tb_danh...', Array, Object(Closure))
#2 D:\\HocTap\\xampp\\htdocs\\NhomTruyenLaravel\\vendor\\laravel\\framework\\src\\Illuminate\\Database\\Connection.php(424): Illuminate\\Database\\Connection->affectingStatement('update `tb_danh...', Array)
#3 D:\\HocTap\\xampp\\htdocs\\NhomTruyenLaravel\\vendor\\laravel\\framework\\src\\Illuminate\\Database\\Query\\Builder.php(2679): Illuminate\\Database\\Connection->update('update `tb_danh...', Array)
#4 D:\\HocTap\\xampp\\htdocs\\NhomTruyenLaravel\\vendor\\laravel\\framework\\src\\Illuminate\\Database\\Eloquent\\Builder.php(774): Illuminate\\Database\\Query\\Builder->update(Array)
#5 D:\\HocTap\\xampp\\htdocs\\NhomTruyenLaravel\\vendor\\laravel\\framework\\src\\Illuminate\\Database\\Eloquent\\Model.php(745): Illuminate\\Database\\Eloquent\\Builder->update(Array)
#6 D:\\HocTap\\xampp\\htdocs\\NhomTruyenLaravel\\vendor\\laravel\\framework\\src\\Illuminate\\Database\\Eloquent\\Model.php(660): Illuminate\\Database\\Eloquent\\Model->performUpdate(Object(Illuminate\\Database\\Eloquent\\Builder))
#7 D:\\HocTap\\xampp\\htdocs\\NhomTruyenLaravel\\app\\Models\\DAO\\DanhMucDAO.php(28): Illuminate\\Database\\Eloquent\\Model->save()
#8 D:\\HocTap\\xampp\\htdocs\\NhomTruyenLaravel\\app\\Http\\Controllers\\Admin\\DanhMucController.php(40): App\\Models\\DAO\\DanhMucDAO::sua(Object(Illuminate\\Http\\Request))
#9 [internal function]: App\\Http\\Controllers\\Admin\\DanhMucController->sua(Object(Illuminate\\Http\\Request))
#10 D:\\HocTap\\xampp\\htdocs\\NhomTruyenLaravel\\vendor\\laravel\\framework\\src\\Illuminate\\Routing\\Controller.php(54): call_user_func_array(Array, Array)
#11 D:\\HocTap\\xampp\\htdocs\\NhomTruyenLaravel\\vendor\\laravel\\framework\\src\\Illuminate\\Routing\\ControllerDispatcher.php(45): Illuminate\\Routing\\Controller->callAction('sua', Array)
#12 D:\\HocTap\\xampp\\htdocs\\NhomTruyenLaravel\\vendor\\laravel\\framework\\src\\Illuminate\\Routing\\Route.php(219): Illuminate\\Routing\\ControllerDispatcher->dispatch(Object(Illuminate\\Routing\\Route), Object(App\\Http\\Controllers\\Admin\\DanhMucController), 'sua')
#13 D:\\HocTap\\xampp\\htdocs\\NhomTruyenLaravel\\vendor\\laravel\\framework\\src\\Illuminate\\Routing\\Route.php(176): Illuminate\\Routing\\Route->runController()
#14 D:\\HocTap\\xampp\\htdocs\\NhomTruyenLaravel\\vendor\\laravel\\framework\\src\\Illuminate\\Routing\\Router.php(680): Illuminate\\Routing\\Route->run()
#15 D:\\HocTap\\xampp\\htdocs\\NhomTruyenLaravel\\vendor\\laravel\\framework\\src\\Illuminate\\Pipeline\\Pipeline.php(130): Illuminate\\Routing\\Router->Illuminate\\Routing\\{closure}(Object(Illuminate\\Http\\Request))
#16 D:\\HocTap\\xampp\\htdocs\\NhomTruyenLaravel\\vendor\\laravel\\framework\\src\\Illuminate\\Routing\\Middleware\\SubstituteBindings.php(41): Illuminate\\Pipeline\\Pipeline->Illuminate\\Pipeline\\{closure}(Object(Illuminate\\Http\\Request))
#17 D:\\HocTap\\xampp\\htdocs\\NhomTruyenLaravel\\vendor\\laravel\\framework\\src\\Illuminate\\Pipeline\\Pipeline.php(171): Illuminate\\Routing\\Middleware\\SubstituteBindings->handle(Object(Illuminate\\Http\\Request), Object(Closure))
#18 D:\\HocTap\\xampp\\htdocs\\NhomTruyenLaravel\\vendor\\laravel\\framework\\src\\Illuminate\\Foundation\\Http\\Middleware\\VerifyCsrfToken.php(76): Illuminate\\Pipeline\\Pipeline->Illuminate\\Pipeline\\{closure}(Object(Illuminate\\Http\\Request))
#19 D:\\HocTap\\xampp\\htdocs\\NhomTruyenLaravel\\vendor\\laravel\\framework\\src\\Illuminate\\Pipeline\\Pipeline.php(171): Illuminate\\Foundation\\Http\\Middleware\\VerifyCsrfToken->handle(Object(Illuminate\\Http\\Request), Object(Closure))
#20 D:\\HocTap\\xampp\\htdocs\\NhomTruyenLaravel\\vendor\\laravel\\framework\\src\\Illuminate\\View\\Middleware\\ShareErrorsFromSession.php(49): Illuminate\\Pipeline\\Pipeline->Illuminate\\Pipeline\\{closure}(Object(Illuminate\\Http\\Request))
#21 D:\\HocTap\\xampp\\htdocs\\NhomTruyenLaravel\\vendor\\laravel\\framework\\src\\Illuminate\\Pipeline\\Pipeline.php(171): Illuminate\\View\\Middleware\\ShareErrorsFromSession->handle(Object(Illuminate\\Http\\Request), Object(Closure))
#22 D:\\HocTap\\xampp\\htdocs\\NhomTruyenLaravel\\vendor\\laravel\\framework\\src\\Illuminate\\Session\\Middleware\\StartSession.php(56): Illuminate\\Pipeline\\Pipeline->Illuminate\\Pipeline\\{closure}(Object(Illuminate\\Http\\Request))
#23 D:\\HocTap\\xampp\\htdocs\\NhomTruyenLaravel\\vendor\\laravel\\framework\\src\\Illuminate\\Pipeline\\Pipeline.php(171): Illuminate\\Session\\Middleware\\StartSession->handle(Object(Illuminate\\Http\\Request), Object(Closure))
#24 D:\\HocTap\\xampp\\htdocs\\NhomTruyenLaravel\\vendor\\laravel\\framework\\src\\Illuminate\\Cookie\\Middleware\\AddQueuedCookiesToResponse.php(37): Illuminate\\Pipeline\\Pipeline->Illuminate\\Pipeline\\{closure}(Object(Illuminate\\Http\\Request))
#25 D:\\HocTap\\xampp\\htdocs\\NhomTruyenLaravel\\vendor\\laravel\\framework\\src\\Illuminate\\Pipeline\\Pipeline.php(171): Illuminate\\Cookie\\Middleware\\AddQueuedCookiesToResponse->handle(Object(Illuminate\\Http\\Request), Object(Closure))
#26 D:\\HocTap\\xampp\\htdocs\\NhomTruyenLaravel\\vendor\\laravel\\framework\\src\\Illuminate\\Cookie\\Middleware\\EncryptCookies.php(66): Illuminate\\Pipeline\\Pipeline->Illuminate\\Pipeline\\{closure}(Object(Illuminate\\Http\\Request))
#27 D:\\HocTap\\xampp\\htdocs\\NhomTruyenLaravel\\vendor\\laravel\\framework\\src\\Illuminate\\Pipeline\\Pipeline.php(171): Illuminate\\Cookie\\Middleware\\EncryptCookies->handle(Object(Illuminate\\Http\\Request), Object(Closure))
#28 D:\\HocTap\\xampp\\htdocs\\NhomTruyenLaravel\\vendor\\laravel\\framework\\src\\Illuminate\\Pipeline\\Pipeline.php(105): Illuminate\\Pipeline\\Pipeline->Illuminate\\Pipeline\\{closure}(Object(Illuminate\\Http\\Request))
#29 D:\\HocTap\\xampp\\htdocs\\NhomTruyenLaravel\\vendor\\laravel\\framework\\src\\Illuminate\\Routing\\Router.php(682): Illuminate\\Pipeline\\Pipeline->then(Object(Closure))
#30 D:\\HocTap\\xampp\\htdocs\\NhomTruyenLaravel\\vendor\\laravel\\framework\\src\\Illuminate\\Routing\\Router.php(657): Illuminate\\Routing\\Router->runRouteWithinStack(Object(Illuminate\\Routing\\Route), Object(Illuminate\\Http\\Request))
#31 D:\\HocTap\\xampp\\htdocs\\NhomTruyenLaravel\\vendor\\laravel\\framework\\src\\Illuminate\\Routing\\Router.php(623): Illuminate\\Routing\\Router->runRoute(Object(Illuminate\\Http\\Request), Object(Illuminate\\Routing\\Route))
#32 D:\\HocTap\\xampp\\htdocs\\NhomTruyenLaravel\\vendor\\laravel\\framework\\src\\Illuminate\\Routing\\Router.php(612): Illuminate\\Routing\\Router->dispatchToRoute(Object(Illuminate\\Http\\Request))
#33 D:\\HocTap\\xampp\\htdocs\\NhomTruyenLaravel\\vendor\\laravel\\framework\\src\\Illuminate\\Foundation\\Http\\Kernel.php(176): Illuminate\\Routing\\Router->dispatch(Object(Illuminate\\Http\\Request))
#34 D:\\HocTap\\xampp\\htdocs\\NhomTruyenLaravel\\vendor\\laravel\\framework\\src\\Illuminate\\Pipeline\\Pipeline.php(130): Illuminate\\Foundation\\Http\\Kernel->Illuminate\\Foundation\\Http\\{closure}(Object(Illuminate\\Http\\Request))
#35 D:\\HocTap\\xampp\\htdocs\\NhomTruyenLaravel\\vendor\\laravel\\framework\\src\\Illuminate\\Foundation\\Http\\Middleware\\TransformsRequest.php(21): Illuminate\\Pipeline\\Pipeline->Illuminate\\Pipeline\\{closure}(Object(Illuminate\\Http\\Request))
#36 D:\\HocTap\\xampp\\htdocs\\NhomTruyenLaravel\\vendor\\laravel\\framework\\src\\Illuminate\\Pipeline\\Pipeline.php(171): Illuminate\\Foundation\\Http\\Middleware\\TransformsRequest->handle(Object(Illuminate\\Http\\Request), Object(Closure))
#37 D:\\HocTap\\xampp\\htdocs\\NhomTruyenLaravel\\vendor\\laravel\\framework\\src\\Illuminate\\Foundation\\Http\\Middleware\\TransformsRequest.php(21): Illuminate\\Pipeline\\Pipeline->Illuminate\\Pipeline\\{closure}(Object(Illuminate\\Http\\Request))
#38 D:\\HocTap\\xampp\\htdocs\\NhomTruyenLaravel\\vendor\\laravel\\framework\\src\\Illuminate\\Pipeline\\Pipeline.php(171): Illuminate\\Foundation\\Http\\Middleware\\TransformsRequest->handle(Object(Illuminate\\Http\\Request), Object(Closure))
#39 D:\\HocTap\\xampp\\htdocs\\NhomTruyenLaravel\\vendor\\laravel\\framework\\src\\Illuminate\\Foundation\\Http\\Middleware\\ValidatePostSize.php(27): Illuminate\\Pipeline\\Pipeline->Illuminate\\Pipeline\\{closure}(Object(Illuminate\\Http\\Request))
#40 D:\\HocTap\\xampp\\htdocs\\NhomTruyenLaravel\\vendor\\laravel\\framework\\src\\Illuminate\\Pipeline\\Pipeline.php(171): Illuminate\\Foundation\\Http\\Middleware\\ValidatePostSize->handle(Object(Illuminate\\Http\\Request), Object(Closure))
#41 D:\\HocTap\\xampp\\htdocs\\NhomTruyenLaravel\\vendor\\laravel\\framework\\src\\Illuminate\\Foundation\\Http\\Middleware\\CheckForMaintenanceMode.php(62): Illuminate\\Pipeline\\Pipeline->Illuminate\\Pipeline\\{closure}(Object(Illuminate\\Http\\Request))
#42 D:\\HocTap\\xampp\\htdocs\\NhomTruyenLaravel\\vendor\\laravel\\framework\\src\\Illuminate\\Pipeline\\Pipeline.php(171): Illuminate\\Foundation\\Http\\Middleware\\CheckForMaintenanceMode->handle(Object(Illuminate\\Http\\Request), Object(Closure))
#43 D:\\HocTap\\xampp\\htdocs\\NhomTruyenLaravel\\vendor\\fideloper\\proxy\\src\\TrustProxies.php(57): Illuminate\\Pipeline\\Pipeline->Illuminate\\Pipeline\\{closure}(Object(Illuminate\\Http\\Request))
#44 D:\\HocTap\\xampp\\htdocs\\NhomTruyenLaravel\\vendor\\laravel\\framework\\src\\Illuminate\\Pipeline\\Pipeline.php(171): Fideloper\\Proxy\\TrustProxies->handle(Object(Illuminate\\Http\\Request), Object(Closure))
#45 D:\\HocTap\\xampp\\htdocs\\NhomTruyenLaravel\\vendor\\laravel\\framework\\src\\Illuminate\\Pipeline\\Pipeline.php(105): Illuminate\\Pipeline\\Pipeline->Illuminate\\Pipeline\\{closure}(Object(Illuminate\\Http\\Request))
#46 D:\\HocTap\\xampp\\htdocs\\NhomTruyenLaravel\\vendor\\laravel\\framework\\src\\Illuminate\\Foundation\\Http\\Kernel.php(151): Illuminate\\Pipeline\\Pipeline->then(Object(Closure))
#47 D:\\HocTap\\xampp\\htdocs\\NhomTruyenLaravel\\vendor\\laravel\\framework\\src\\Illuminate\\Foundation\\Http\\Kernel.php(116): Illuminate\\Foundation\\Http\\Kernel->sendRequestThroughRouter(Object(Illuminate\\Http\\Request))
#48 D:\\HocTap\\xampp\\htdocs\\NhomTruyenLaravel\\public\\index.php(55): Illuminate\\Foundation\\Http\\Kernel->handle(Object(Illuminate\\Http\\Request))
#49 {main}

[previous exception] [object] (Doctrine\\DBAL\\Driver\\PDOException(code: 23000): SQLSTATE[23000]: Integrity constraint violation: 1048 Column 'ten_danh_muc' cannot be null at D:\\HocTap\\xampp\\htdocs\\NhomTruyenLaravel\\vendor\\doctrine\\dbal\\lib\\Doctrine\\DBAL\\Driver\\PDOStatement.php:119)
[stacktrace]
#0 D:\\HocTap\\xampp\\htdocs\\NhomTruyenLaravel\\vendor\\laravel\\framework\\src\\Illuminate\\Database\\Connection.php(484): Doctrine\\DBAL\\Driver\\PDOStatement->execute()
#1 D:\\HocTap\\xampp\\htdocs\\NhomTruyenLaravel\\vendor\\laravel\\framework\\src\\Illuminate\\Database\\Connection.php(658): Illuminate\\Database\\Connection->Illuminate\\Database\\{closure}('update `tb_danh...', Array)
#2 D:\\HocTap\\xampp\\htdocs\\NhomTruyenLaravel\\vendor\\laravel\\framework\\src\\Illuminate\\Database\\Connection.php(625): Illuminate\\Database\\Connection->runQueryCallback('update `tb_danh...', Array, Object(Closure))
#3 D:\\HocTap\\xampp\\htdocs\\NhomTruyenLaravel\\vendor\\laravel\\framework\\src\\Illuminate\\Database\\Connection.php(491): Illuminate\\Database\\Connection->run('update `tb_danh...', Array, Object(Closure))
#4 D:\\HocTap\\xampp\\htdocs\\NhomTruyenLaravel\\vendor\\laravel\\framework\\src\\Illuminate\\Database\\Connection.php(424): Illuminate\\Database\\Connection->affectingStatement('update `tb_danh...', Array)
#5 D:\\HocTap\\xampp\\htdocs\\NhomTruyenLaravel\\vendor\\laravel\\framework\\src\\Illuminate\\Database\\Query\\Builder.php(2679): Illuminate\\Database\\Connection->update('update `tb_danh...', Array)
#6 D:\\HocTap\\xampp\\htdocs\\NhomTruyenLaravel\\vendor\\laravel\\framework\\src\\Illuminate\\Database\\Eloquent\\Builder.php(774): Illuminate\\Database\\Query\\Builder->update(Array)
#7 D:\\HocTap\\xampp\\htdocs\\NhomTruyenLaravel\\vendor\\laravel\\framework\\src\\Illuminate\\Database\\Eloquent\\Model.php(745): Illuminate\\Database\\Eloquent\\Builder->update(Array)
#8 D:\\HocTap\\xampp\\htdocs\\NhomTruyenLaravel\\vendor\\laravel\\framework\\src\\Illuminate\\Database\\Eloquent\\Model.php(660): Illuminate\\Database\\Eloquent\\Model->performUpdate(Object(Illuminate\\Database\\Eloquent\\Builder))
#9 D:\\HocTap\\xampp\\htdocs\\NhomTruyenLaravel\\app\\Models\\DAO\\DanhMucDAO.php(28): Illuminate\\Database\\Eloquent\\Model->save()
#10 D:\\HocTap\\xampp\\htdocs\\NhomTruyenLaravel\\app\\Http\\Controllers\\Admin\\DanhMucController.php(40): App\\Models\\DAO\\DanhMucDAO::sua(Object(Illuminate\\Http\\Request))
#11 [internal function]: App\\Http\\Controllers\\Admin\\DanhMucController->sua(Object(Illuminate\\Http\\Request))
#12 D:\\HocTap\\xampp\\htdocs\\NhomTruyenLaravel\\vendor\\laravel\\framework\\src\\Illuminate\\Routing\\Controller.php(54): call_user_func_array(Array, Array)
#13 D:\\HocTap\\xampp\\htdocs\\NhomTruyenLaravel\\vendor\\laravel\\framework\\src\\Illuminate\\Routing\\ControllerDispatcher.php(45): Illuminate\\Routing\\Controller->callAction('sua', Array)
#14 D:\\HocTap\\xampp\\htdocs\\NhomTruyenLaravel\\vendor\\laravel\\framework\\src\\Illuminate\\Routing\\Route.php(219): Illuminate\\Routing\\ControllerDispatcher->dispatch(Object(Illuminate\\Routing\\Route), Object(App\\Http\\Controllers\\Admin\\DanhMucController), 'sua')
#15 D:\\HocTap\\xampp\\htdocs\\NhomTruyenLaravel\\vendor\\laravel\\framework\\src\\Illuminate\\Routing\\Route.php(176): Illuminate\\Routing\\Route->runController()
#16 D:\\HocTap\\xampp\\htdocs\\NhomTruyenLaravel\\vendor\\laravel\\framework\\src\\Illuminate\\Routing\\Router.php(680): Illuminate\\Routing\\Route->run()
#17 D:\\HocTap\\xampp\\htdocs\\NhomTruyenLaravel\\vendor\\laravel\\framework\\src\\Illuminate\\Pipeline\\Pipeline.php(130): Illuminate\\Routing\\Router->Illuminate\\Routing\\{closure}(Object(Illuminate\\Http\\Request))
#18 D:\\HocTap\\xampp\\htdocs\\NhomTruyenLaravel\\vendor\\laravel\\framework\\src\\Illuminate\\Routing\\Middleware\\SubstituteBindings.php(41): Illuminate\\Pipeline\\Pipeline->Illuminate\\Pipeline\\{closure}(Object(Illuminate\\Http\\Request))
#19 D:\\HocTap\\xampp\\htdocs\\NhomTruyenLaravel\\vendor\\laravel\\framework\\src\\Illuminate\\Pipeline\\Pipeline.php(171): Illuminate\\Routing\\Middleware\\SubstituteBindings->handle(Object(Illuminate\\Http\\Request), Object(Closure))
#20 D:\\HocTap\\xampp\\htdocs\\NhomTruyenLaravel\\vendor\\laravel\\framework\\src\\Illuminate\\Foundation\\Http\\Middleware\\VerifyCsrfToken.php(76): Illuminate\\Pipeline\\Pipeline->Illuminate\\Pipeline\\{closure}(Object(Illuminate\\Http\\Request))
#21 D:\\HocTap\\xampp\\htdocs\\NhomTruyenLaravel\\vendor\\laravel\\framework\\src\\Illuminate\\Pipeline\\Pipeline.php(171): Illuminate\\Foundation\\Http\\Middleware\\VerifyCsrfToken->handle(Object(Illuminate\\Http\\Request), Object(Closure))
#22 D:\\HocTap\\xampp\\htdocs\\NhomTruyenLaravel\\vendor\\laravel\\framework\\src\\Illuminate\\View\\Middleware\\ShareErrorsFromSession.php(49): Illuminate\\Pipeline\\Pipeline->Illuminate\\Pipeline\\{closure}(Object(Illuminate\\Http\\Request))
#23 D:\\HocTap\\xampp\\htdocs\\NhomTruyenLaravel\\vendor\\laravel\\framework\\src\\Illuminate\\Pipeline\\Pipeline.php(171): Illuminate\\View\\Middleware\\ShareErrorsFromSession->handle(Object(Illuminate\\Http\\Request), Object(Closure))
#24 D:\\HocTap\\xampp\\htdocs\\NhomTruyenLaravel\\vendor\\laravel\\framework\\src\\Illuminate\\Session\\Middleware\\StartSession.php(56): Illuminate\\Pipeline\\Pipeline->Illuminate\\Pipeline\\{closure}(Object(Illuminate\\Http\\Request))
#25 D:\\HocTap\\xampp\\htdocs\\NhomTruyenLaravel\\vendor\\laravel\\framework\\src\\Illuminate\\Pipeline\\Pipeline.php(171): Illuminate\\Session\\Middleware\\StartSession->handle(Object(Illuminate\\Http\\Request), Object(Closure))
#26 D:\\HocTap\\xampp\\htdocs\\NhomTruyenLaravel\\vendor\\laravel\\framework\\src\\Illuminate\\Cookie\\Middleware\\AddQueuedCookiesToResponse.php(37): Illuminate\\Pipeline\\Pipeline->Illuminate\\Pipeline\\{closure}(Object(Illuminate\\Http\\Request))
#27 D:\\HocTap\\xampp\\htdocs\\NhomTruyenLaravel\\vendor\\laravel\\framework\\src\\Illuminate\\Pipeline\\Pipeline.php(171): Illuminate\\Cookie\\Middleware\\AddQueuedCookiesToResponse->handle(Object(Illuminate\\Http\\Request), Object(Closure))
#28 D:\\HocTap\\xampp\\htdocs\\NhomTruyenLaravel\\vendor\\laravel\\framework\\src\\Illuminate\\Cookie\\Middleware\\EncryptCookies.php(66): Illuminate\\Pipeline\\Pipeline->Illuminate\\Pipeline\\{closure}(Object(Illuminate\\Http\\Request))
#29 D:\\HocTap\\xampp\\htdocs\\NhomTruyenLaravel\\vendor\\laravel\\framework\\src\\Illuminate\\Pipeline\\Pipeline.php(171): Illuminate\\Cookie\\Middleware\\EncryptCookies->handle(Object(Illuminate\\Http\\Request), Object(Closure))
#30 D:\\HocTap\\xampp\\htdocs\\NhomTruyenLaravel\\vendor\\laravel\\framework\\src\\Illuminate\\Pipeline\\Pipeline.php(105): Illuminate\\Pipeline\\Pipeline->Illuminate\\Pipeline\\{closure}(Object(Illuminate\\Http\\Request))
#31 D:\\HocTap\\xampp\\htdocs\\NhomTruyenLaravel\\vendor\\laravel\\framework\\src\\Illuminate\\Routing\\Router.php(682): Illuminate\\Pipeline\\Pipeline->then(Object(Closure))
#32 D:\\HocTap\\xampp\\htdocs\\NhomTruyenLaravel\\vendor\\laravel\\framework\\src\\Illuminate\\Routing\\Router.php(657): Illuminate\\Routing\\Router->runRouteWithinStack(Object(Illuminate\\Routing\\Route), Object(Illuminate\\Http\\Request))
#33 D:\\HocTap\\xampp\\htdocs\\NhomTruyenLaravel\\vendor\\laravel\\framework\\src\\Illuminate\\Routing\\Router.php(623): Illuminate\\Routing\\Router->runRoute(Object(Illuminate\\Http\\Request), Object(Illuminate\\Routing\\Route))
#34 D:\\HocTap\\xampp\\htdocs\\NhomTruyenLaravel\\vendor\\laravel\\framework\\src\\Illuminate\\Routing\\Router.php(612): Illuminate\\Routing\\Router->dispatchToRoute(Object(Illuminate\\Http\\Request))
#35 D:\\HocTap\\xampp\\htdocs\\NhomTruyenLaravel\\vendor\\laravel\\framework\\src\\Illuminate\\Foundation\\Http\\Kernel.php(176): Illuminate\\Routing\\Router->dispatch(Object(Illuminate\\Http\\Request))
#36 D:\\HocTap\\xampp\\htdocs\\NhomTruyenLaravel\\vendor\\laravel\\framework\\src\\Illuminate\\Pipeline\\Pipeline.php(130): Illuminate\\Foundation\\Http\\Kernel->Illuminate\\Foundation\\Http\\{closure}(Object(Illuminate\\Http\\Request))
#37 D:\\HocTap\\xampp\\htdocs\\NhomTruyenLaravel\\vendor\\laravel\\framework\\src\\Illuminate\\Foundation\\Http\\Middleware\\TransformsRequest.php(21): Illuminate\\Pipeline\\Pipeline->Illuminate\\Pipeline\\{closure}(Object(Illuminate\\Http\\Request))
#38 D:\\HocTap\\xampp\\htdocs\\NhomTruyenLaravel\\vendor\\laravel\\framework\\src\\Illuminate\\Pipeline\\Pipeline.php(171): Illuminate\\Foundation\\Http\\Middleware\\TransformsRequest->handle(Object(Illuminate\\Http\\Request), Object(Closure))
#39 D:\\HocTap\\xampp\\htdocs\\NhomTruyenLaravel\\vendor\\laravel\\framework\\src\\Illuminate\\Foundation\\Http\\Middleware\\TransformsRequest.php(21): Illuminate\\Pipeline\\Pipeline->Illuminate\\Pipeline\\{closure}(Object(Illuminate\\Http\\Request))
#40 D:\\HocTap\\xampp\\htdocs\\NhomTruyenLaravel\\vendor\\laravel\\framework\\src\\Illuminate\\Pipeline\\Pipeline.php(171): Illuminate\\Foundation\\Http\\Middleware\\TransformsRequest->handle(Object(Illuminate\\Http\\Request), Object(Closure))
#41 D:\\HocTap\\xampp\\htdocs\\NhomTruyenLaravel\\vendor\\laravel\\framework\\src\\Illuminate\\Foundation\\Http\\Middleware\\ValidatePostSize.php(27): Illuminate\\Pipeline\\Pipeline->Illuminate\\Pipeline\\{closure}(Object(Illuminate\\Http\\Request))
#42 D:\\HocTap\\xampp\\htdocs\\NhomTruyenLaravel\\vendor\\laravel\\framework\\src\\Illuminate\\Pipeline\\Pipeline.php(171): Illuminate\\Foundation\\Http\\Middleware\\ValidatePostSize->handle(Object(Illuminate\\Http\\Request), Object(Closure))
#43 D:\\HocTap\\xampp\\htdocs\\NhomTruyenLaravel\\vendor\\laravel\\framework\\src\\Illuminate\\Foundation\\Http\\Middleware\\CheckForMaintenanceMode.php(62): Illuminate\\Pipeline\\Pipeline->Illuminate\\Pipeline\\{closure}(Object(Illuminate\\Http\\Request))
#44 D:\\HocTap\\xampp\\htdocs\\NhomTruyenLaravel\\vendor\\laravel\\framework\\src\\Illuminate\\Pipeline\\Pipeline.php(171): Illuminate\\Foundation\\Http\\Middleware\\CheckForMaintenanceMode->handle(Object(Illuminate\\Http\\Request), Object(Closure))
#45 D:\\HocTap\\xampp\\htdocs\\NhomTruyenLaravel\\vendor\\fideloper\\proxy\\src\\TrustProxies.php(57): Illuminate\\Pipeline\\Pipeline->Illuminate\\Pipeline\\{closure}(Object(Illuminate\\Http\\Request))
#46 D:\\HocTap\\xampp\\htdocs\\NhomTruyenLaravel\\vendor\\laravel\\framework\\src\\Illuminate\\Pipeline\\Pipeline.php(171): Fideloper\\Proxy\\TrustProxies->handle(Object(Illuminate\\Http\\Request), Object(Closure))
#47 D:\\HocTap\\xampp\\htdocs\\NhomTruyenLaravel\\vendor\\laravel\\framework\\src\\Illuminate\\Pipeline\\Pipeline.php(105): Illuminate\\Pipeline\\Pipeline->Illuminate\\Pipeline\\{closure}(Object(Illuminate\\Http\\Request))
#48 D:\\HocTap\\xampp\\htdocs\\NhomTruyenLaravel\\vendor\\laravel\\framework\\src\\Illuminate\\Foundation\\Http\\Kernel.php(151): Illuminate\\Pipeline\\Pipeline->then(Object(Closure))
#49 D:\\HocTap\\xampp\\htdocs\\NhomTruyenLaravel\\vendor\\laravel\\framework\\src\\Illuminate\\Foundation\\Http\\Kernel.php(116): Illuminate\\Foundation\\Http\\Kernel->sendRequestThroughRouter(Object(Illuminate\\Http\\Request))
#50 D:\\HocTap\\xampp\\htdocs\\NhomTruyenLaravel\\public\\index.php(55): Illuminate\\Foundation\\Http\\Kernel->handle(Object(Illuminate\\Http\\Request))
#51 {main}

[previous exception] [object] (PDOException(code: 23000): SQLSTATE[23000]: Integrity constraint violation: 1048 Column 'ten_danh_muc' cannot be null at D:\\HocTap\\xampp\\htdocs\\NhomTruyenLaravel\\vendor\\doctrine\\dbal\\lib\\Doctrine\\DBAL\\Driver\\PDOStatement.php:117)
[stacktrace]
#0 D:\\HocTap\\xampp\\htdocs\\NhomTruyenLaravel\\vendor\\doctrine\\dbal\\lib\\Doctrine\\DBAL\\Driver\\PDOStatement.php(117): PDOStatement->execute(NULL)
#1 D:\\HocTap\\xampp\\htdocs\\NhomTruyenLaravel\\vendor\\laravel\\framework\\src\\Illuminate\\Database\\Connection.php(484): Doctrine\\DBAL\\Driver\\PDOStatement->execute()
#2 D:\\HocTap\\xampp\\htdocs\\NhomTruyenLaravel\\vendor\\laravel\\framework\\src\\Illuminate\\Database\\Connection.php(658): Illuminate\\Database\\Connection->Illuminate\\Database\\{closure}('update `tb_danh...', Array)
#3 D:\\HocTap\\xampp\\htdocs\\NhomTruyenLaravel\\vendor\\laravel\\framework\\src\\Illuminate\\Database\\Connection.php(625): Illuminate\\Database\\Connection->runQueryCallback('update `tb_danh...', Array, Object(Closure))
#4 D:\\HocTap\\xampp\\htdocs\\NhomTruyenLaravel\\vendor\\laravel\\framework\\src\\Illuminate\\Database\\Connection.php(491): Illuminate\\Database\\Connection->run('update `tb_danh...', Array, Object(Closure))
#5 D:\\HocTap\\xampp\\htdocs\\NhomTruyenLaravel\\vendor\\laravel\\framework\\src\\Illuminate\\Database\\Connection.php(424): Illuminate\\Database\\Connection->affectingStatement('update `tb_danh...', Array)
#6 D:\\HocTap\\xampp\\htdocs\\NhomTruyenLaravel\\vendor\\laravel\\framework\\src\\Illuminate\\Database\\Query\\Builder.php(2679): Illuminate\\Database\\Connection->update('update `tb_danh...', Array)
#7 D:\\HocTap\\xampp\\htdocs\\NhomTruyenLaravel\\vendor\\laravel\\framework\\src\\Illuminate\\Database\\Eloquent\\Builder.php(774): Illuminate\\Database\\Query\\Builder->update(Array)
#8 D:\\HocTap\\xampp\\htdocs\\NhomTruyenLaravel\\vendor\\laravel\\framework\\src\\Illuminate\\Database\\Eloquent\\Model.php(745): Illuminate\\Database\\Eloquent\\Builder->update(Array)
#9 D:\\HocTap\\xampp\\htdocs\\NhomTruyenLaravel\\vendor\\laravel\\framework\\src\\Illuminate\\Database\\Eloquent\\Model.php(660): Illuminate\\Database\\Eloquent\\Model->performUpdate(Object(Illuminate\\Database\\Eloquent\\Builder))
#10 D:\\HocTap\\xampp\\htdocs\\NhomTruyenLaravel\\app\\Models\\DAO\\DanhMucDAO.php(28): Illuminate\\Database\\Eloquent\\Model->save()
#11 D:\\HocTap\\xampp\\htdocs\\NhomTruyenLaravel\\app\\Http\\Controllers\\Admin\\DanhMucController.php(40): App\\Models\\DAO\\DanhMucDAO::sua(Object(Illuminate\\Http\\Request))
#12 [internal function]: App\\Http\\Controllers\\Admin\\DanhMucController->sua(Object(Illuminate\\Http\\Request))
#13 D:\\HocTap\\xampp\\htdocs\\NhomTruyenLaravel\\vendor\\laravel\\framework\\src\\Illuminate\\Routing\\Controller.php(54): call_user_func_array(Array, Array)
#14 D:\\HocTap\\xampp\\htdocs\\NhomTruyenLaravel\\vendor\\laravel\\framework\\src\\Illuminate\\Routing\\ControllerDispatcher.php(45): Illuminate\\Routing\\Controller->callAction('sua', Array)
#15 D:\\HocTap\\xampp\\htdocs\\NhomTruyenLaravel\\vendor\\laravel\\framework\\src\\Illuminate\\Routing\\Route.php(219): Illuminate\\Routing\\ControllerDispatcher->dispatch(Object(Illuminate\\Routing\\Route), Object(App\\Http\\Controllers\\Admin\\DanhMucController), 'sua')
#16 D:\\HocTap\\xampp\\htdocs\\NhomTruyenLaravel\\vendor\\laravel\\framework\\src\\Illuminate\\Routing\\Route.php(176): Illuminate\\Routing\\Route->runController()
#17 D:\\HocTap\\xampp\\htdocs\\NhomTruyenLaravel\\vendor\\laravel\\framework\\src\\Illuminate\\Routing\\Router.php(680): Illuminate\\Routing\\Route->run()
#18 D:\\HocTap\\xampp\\htdocs\\NhomTruyenLaravel\\vendor\\laravel\\framework\\src\\Illuminate\\Pipeline\\Pipeline.php(130): Illuminate\\Routing\\Router->Illuminate\\Routing\\{closure}(Object(Illuminate\\Http\\Request))
#19 D:\\HocTap\\xampp\\htdocs\\NhomTruyenLaravel\\vendor\\laravel\\framework\\src\\Illuminate\\Routing\\Middleware\\SubstituteBindings.php(41): Illuminate\\Pipeline\\Pipeline->Illuminate\\Pipeline\\{closure}(Object(Illuminate\\Http\\Request))
#20 D:\\HocTap\\xampp\\htdocs\\NhomTruyenLaravel\\vendor\\laravel\\framework\\src\\Illuminate\\Pipeline\\Pipeline.php(171): Illuminate\\Routing\\Middleware\\SubstituteBindings->handle(Object(Illuminate\\Http\\Request), Object(Closure))
#21 D:\\HocTap\\xampp\\htdocs\\NhomTruyenLaravel\\vendor\\laravel\\framework\\src\\Illuminate\\Foundation\\Http\\Middleware\\VerifyCsrfToken.php(76): Illuminate\\Pipeline\\Pipeline->Illuminate\\Pipeline\\{closure}(Object(Illuminate\\Http\\Request))
#22 D:\\HocTap\\xampp\\htdocs\\NhomTruyenLaravel\\vendor\\laravel\\framework\\src\\Illuminate\\Pipeline\\Pipeline.php(171): Illuminate\\Foundation\\Http\\Middleware\\VerifyCsrfToken->handle(Object(Illuminate\\Http\\Request), Object(Closure))
#23 D:\\HocTap\\xampp\\htdocs\\NhomTruyenLaravel\\vendor\\laravel\\framework\\src\\Illuminate\\View\\Middleware\\ShareErrorsFromSession.php(49): Illuminate\\Pipeline\\Pipeline->Illuminate\\Pipeline\\{closure}(Object(Illuminate\\Http\\Request))
#24 D:\\HocTap\\xampp\\htdocs\\NhomTruyenLaravel\\vendor\\laravel\\framework\\src\\Illuminate\\Pipeline\\Pipeline.php(171): Illuminate\\View\\Middleware\\ShareErrorsFromSession->handle(Object(Illuminate\\Http\\Request), Object(Closure))
#25 D:\\HocTap\\xampp\\htdocs\\NhomTruyenLaravel\\vendor\\laravel\\framework\\src\\Illuminate\\Session\\Middleware\\StartSession.php(56): Illuminate\\Pipeline\\Pipeline->Illuminate\\Pipeline\\{closure}(Object(Illuminate\\Http\\Request))
#26 D:\\HocTap\\xampp\\htdocs\\NhomTruyenLaravel\\vendor\\laravel\\framework\\src\\Illuminate\\Pipeline\\Pipeline.php(171): Illuminate\\Session\\Middleware\\StartSession->handle(Object(Illuminate\\Http\\Request), Object(Closure))
#27 D:\\HocTap\\xampp\\htdocs\\NhomTruyenLaravel\\vendor\\laravel\\framework\\src\\Illuminate\\Cookie\\Middleware\\AddQueuedCookiesToResponse.php(37): Illuminate\\Pipeline\\Pipeline->Illuminate\\Pipeline\\{closure}(Object(Illuminate\\Http\\Request))
#28 D:\\HocTap\\xampp\\htdocs\\NhomTruyenLaravel\\vendor\\laravel\\framework\\src\\Illuminate\\Pipeline\\Pipeline.php(171): Illuminate\\Cookie\\Middleware\\AddQueuedCookiesToResponse->handle(Object(Illuminate\\Http\\Request), Object(Closure))
#29 D:\\HocTap\\xampp\\htdocs\\NhomTruyenLaravel\\vendor\\laravel\\framework\\src\\Illuminate\\Cookie\\Middleware\\EncryptCookies.php(66): Illuminate\\Pipeline\\Pipeline->Illuminate\\Pipeline\\{closure}(Object(Illuminate\\Http\\Request))
#30 D:\\HocTap\\xampp\\htdocs\\NhomTruyenLaravel\\vendor\\laravel\\framework\\src\\Illuminate\\Pipeline\\Pipeline.php(171): Illuminate\\Cookie\\Middleware\\EncryptCookies->handle(Object(Illuminate\\Http\\Request), Object(Closure))
#31 D:\\HocTap\\xampp\\htdocs\\NhomTruyenLaravel\\vendor\\laravel\\framework\\src\\Illuminate\\Pipeline\\Pipeline.php(105): Illuminate\\Pipeline\\Pipeline->Illuminate\\Pipeline\\{closure}(Object(Illuminate\\Http\\Request))
#32 D:\\HocTap\\xampp\\htdocs\\NhomTruyenLaravel\\vendor\\laravel\\framework\\src\\Illuminate\\Routing\\Router.php(682): Illuminate\\Pipeline\\Pipeline->then(Object(Closure))
#33 D:\\HocTap\\xampp\\htdocs\\NhomTruyenLaravel\\vendor\\laravel\\framework\\src\\Illuminate\\Routing\\Router.php(657): Illuminate\\Routing\\Router->runRouteWithinStack(Object(Illuminate\\Routing\\Route), Object(Illuminate\\Http\\Request))
#34 D:\\HocTap\\xampp\\htdocs\\NhomTruyenLaravel\\vendor\\laravel\\framework\\src\\Illuminate\\Routing\\Router.php(623): Illuminate\\Routing\\Router->runRoute(Object(Illuminate\\Http\\Request), Object(Illuminate\\Routing\\Route))
#35 D:\\HocTap\\xampp\\htdocs\\NhomTruyenLaravel\\vendor\\laravel\\framework\\src\\Illuminate\\Routing\\Router.php(612): Illuminate\\Routing\\Router->dispatchToRoute(Object(Illuminate\\Http\\Request))
#36 D:\\HocTap\\xampp\\htdocs\\NhomTruyenLaravel\\vendor\\laravel\\framework\\src\\Illuminate\\Foundation\\Http\\Kernel.php(176): Illuminate\\Routing\\Router->dispatch(Object(Illuminate\\Http\\Request))
#37 D:\\HocTap\\xampp\\htdocs\\NhomTruyenLaravel\\vendor\\laravel\\framework\\src\\Illuminate\\Pipeline\\Pipeline.php(130): Illuminate\\Foundation\\Http\\Kernel->Illuminate\\Foundation\\Http\\{closure}(Object(Illuminate\\Http\\Request))
#38 D:\\HocTap\\xampp\\htdocs\\NhomTruyenLaravel\\vendor\\laravel\\framework\\src\\Illuminate\\Foundation\\Http\\Middleware\\TransformsRequest.php(21): Illuminate\\Pipeline\\Pipeline->Illuminate\\Pipeline\\{closure}(Object(Illuminate\\Http\\Request))
#39 D:\\HocTap\\xampp\\htdocs\\NhomTruyenLaravel\\vendor\\laravel\\framework\\src\\Illuminate\\Pipeline\\Pipeline.php(171): Illuminate\\Foundation\\Http\\Middleware\\TransformsRequest->handle(Object(Illuminate\\Http\\Request), Object(Closure))
#40 D:\\HocTap\\xampp\\htdocs\\NhomTruyenLaravel\\vendor\\laravel\\framework\\src\\Illuminate\\Foundation\\Http\\Middleware\\TransformsRequest.php(21): Illuminate\\Pipeline\\Pipeline->Illuminate\\Pipeline\\{closure}(Object(Illuminate\\Http\\Request))
#41 D:\\HocTap\\xampp\\htdocs\\NhomTruyenLaravel\\vendor\\laravel\\framework\\src\\Illuminate\\Pipeline\\Pipeline.php(171): Illuminate\\Foundation\\Http\\Middleware\\TransformsRequest->handle(Object(Illuminate\\Http\\Request), Object(Closure))
#42 D:\\HocTap\\xampp\\htdocs\\NhomTruyenLaravel\\vendor\\laravel\\framework\\src\\Illuminate\\Foundation\\Http\\Middleware\\ValidatePostSize.php(27): Illuminate\\Pipeline\\Pipeline->Illuminate\\Pipeline\\{closure}(Object(Illuminate\\Http\\Request))
#43 D:\\HocTap\\xampp\\htdocs\\NhomTruyenLaravel\\vendor\\laravel\\framework\\src\\Illuminate\\Pipeline\\Pipeline.php(171): Illuminate\\Foundation\\Http\\Middleware\\ValidatePostSize->handle(Object(Illuminate\\Http\\Request), Object(Closure))
#44 D:\\HocTap\\xampp\\htdocs\\NhomTruyenLaravel\\vendor\\laravel\\framework\\src\\Illuminate\\Foundation\\Http\\Middleware\\CheckForMaintenanceMode.php(62): Illuminate\\Pipeline\\Pipeline->Illuminate\\Pipeline\\{closure}(Object(Illuminate\\Http\\Request))
#45 D:\\HocTap\\xampp\\htdocs\\NhomTruyenLaravel\\vendor\\laravel\\framework\\src\\Illuminate\\Pipeline\\Pipeline.php(171): Illuminate\\Foundation\\Http\\Middleware\\CheckForMaintenanceMode->handle(Object(Illuminate\\Http\\Request), Object(Closure))
#46 D:\\HocTap\\xampp\\htdocs\\NhomTruyenLaravel\\vendor\\fideloper\\proxy\\src\\TrustProxies.php(57): Illuminate\\Pipeline\\Pipeline->Illuminate\\Pipeline\\{closure}(Object(Illuminate\\Http\\Request))
#47 D:\\HocTap\\xampp\\htdocs\\NhomTruyenLaravel\\vendor\\laravel\\framework\\src\\Illuminate\\Pipeline\\Pipeline.php(171): Fideloper\\Proxy\\TrustProxies->handle(Object(Illuminate\\Http\\Request), Object(Closure))
#48 D:\\HocTap\\xampp\\htdocs\\NhomTruyenLaravel\\vendor\\laravel\\framework\\src\\Illuminate\\Pipeline\\Pipeline.php(105): Illuminate\\Pipeline\\Pipeline->Illuminate\\Pipeline\\{closure}(Object(Illuminate\\Http\\Request))
#49 D:\\HocTap\\xampp\\htdocs\\NhomTruyenLaravel\\vendor\\laravel\\framework\\src\\Illuminate\\Foundation\\Http\\Kernel.php(151): Illuminate\\Pipeline\\Pipeline->then(Object(Closure))
#50 D:\\HocTap\\xampp\\htdocs\\NhomTruyenLaravel\\vendor\\laravel\\framework\\src\\Illuminate\\Foundation\\Http\\Kernel.php(116): Illuminate\\Foundation\\Http\\Kernel->sendRequestThroughRouter(Object(Illuminate\\Http\\Request))
#51 D:\\HocTap\\xampp\\htdocs\\NhomTruyenLaravel\\public\\index.php(55): Illuminate\\Foundation\\Http\\Kernel->handle(Object(Illuminate\\Http\\Request))
#52 {main}
"} 
[2019-11-05 10:17:17] local.ERROR: Class App\Http\Controllers\Admin\Request does not exist {"exception":"[object] (ReflectionException(code: 0): Class App\\Http\\Controllers\\Admin\\Request does not exist at D:\\HocTap\\xampp\\htdocs\\NhomTruyenLaravel\\vendor\\laravel\\framework\\src\\Illuminate\\Routing\\RouteSignatureParameters.php:25)
[stacktrace]
#0 D:\\HocTap\\xampp\\htdocs\\NhomTruyenLaravel\\vendor\\laravel\\framework\\src\\Illuminate\\Routing\\RouteSignatureParameters.php(25): ReflectionParameter->getClass()
#1 [internal function]: Illuminate\\Routing\\RouteSignatureParameters::Illuminate\\Routing\\{closure}(Object(ReflectionParameter))
#2 D:\\HocTap\\xampp\\htdocs\\NhomTruyenLaravel\\vendor\\laravel\\framework\\src\\Illuminate\\Routing\\RouteSignatureParameters.php(26): array_filter(Array, Object(Closure))
#3 D:\\HocTap\\xampp\\htdocs\\NhomTruyenLaravel\\vendor\\laravel\\framework\\src\\Illuminate\\Routing\\Route.php(471): Illuminate\\Routing\\RouteSignatureParameters::fromAction(Array, 'Illuminate\\\\Cont...')
#4 D:\\HocTap\\xampp\\htdocs\\NhomTruyenLaravel\\vendor\\laravel\\framework\\src\\Illuminate\\Routing\\ImplicitRouteBinding.php(24): Illuminate\\Routing\\Route->signatureParameters('Illuminate\\\\Cont...')
#5 D:\\HocTap\\xampp\\htdocs\\NhomTruyenLaravel\\vendor\\laravel\\framework\\src\\Illuminate\\Routing\\Router.php(787): Illuminate\\Routing\\ImplicitRouteBinding::resolveForRoute(Object(Illuminate\\Foundation\\Application), Object(Illuminate\\Routing\\Route))
#6 D:\\HocTap\\xampp\\htdocs\\NhomTruyenLaravel\\vendor\\laravel\\framework\\src\\Illuminate\\Routing\\Middleware\\SubstituteBindings.php(39): Illuminate\\Routing\\Router->substituteImplicitBindings(Object(Illuminate\\Routing\\Route))
#7 D:\\HocTap\\xampp\\htdocs\\NhomTruyenLaravel\\vendor\\laravel\\framework\\src\\Illuminate\\Pipeline\\Pipeline.php(171): Illuminate\\Routing\\Middleware\\SubstituteBindings->handle(Object(Illuminate\\Http\\Request), Object(Closure))
#8 D:\\HocTap\\xampp\\htdocs\\NhomTruyenLaravel\\vendor\\laravel\\framework\\src\\Illuminate\\Foundation\\Http\\Middleware\\VerifyCsrfToken.php(76): Illuminate\\Pipeline\\Pipeline->Illuminate\\Pipeline\\{closure}(Object(Illuminate\\Http\\Request))
#9 D:\\HocTap\\xampp\\htdocs\\NhomTruyenLaravel\\vendor\\laravel\\framework\\src\\Illuminate\\Pipeline\\Pipeline.php(171): Illuminate\\Foundation\\Http\\Middleware\\VerifyCsrfToken->handle(Object(Illuminate\\Http\\Request), Object(Closure))
#10 D:\\HocTap\\xampp\\htdocs\\NhomTruyenLaravel\\vendor\\laravel\\framework\\src\\Illuminate\\View\\Middleware\\ShareErrorsFromSession.php(49): Illuminate\\Pipeline\\Pipeline->Illuminate\\Pipeline\\{closure}(Object(Illuminate\\Http\\Request))
#11 D:\\HocTap\\xampp\\htdocs\\NhomTruyenLaravel\\vendor\\laravel\\framework\\src\\Illuminate\\Pipeline\\Pipeline.php(171): Illuminate\\View\\Middleware\\ShareErrorsFromSession->handle(Object(Illuminate\\Http\\Request), Object(Closure))
#12 D:\\HocTap\\xampp\\htdocs\\NhomTruyenLaravel\\vendor\\laravel\\framework\\src\\Illuminate\\Session\\Middleware\\StartSession.php(56): Illuminate\\Pipeline\\Pipeline->Illuminate\\Pipeline\\{closure}(Object(Illuminate\\Http\\Request))
#13 D:\\HocTap\\xampp\\htdocs\\NhomTruyenLaravel\\vendor\\laravel\\framework\\src\\Illuminate\\Pipeline\\Pipeline.php(171): Illuminate\\Session\\Middleware\\StartSession->handle(Object(Illuminate\\Http\\Request), Object(Closure))
#14 D:\\HocTap\\xampp\\htdocs\\NhomTruyenLaravel\\vendor\\laravel\\framework\\src\\Illuminate\\Cookie\\Middleware\\AddQueuedCookiesToResponse.php(37): Illuminate\\Pipeline\\Pipeline->Illuminate\\Pipeline\\{closure}(Object(Illuminate\\Http\\Request))
#15 D:\\HocTap\\xampp\\htdocs\\NhomTruyenLaravel\\vendor\\laravel\\framework\\src\\Illuminate\\Pipeline\\Pipeline.php(171): Illuminate\\Cookie\\Middleware\\AddQueuedCookiesToResponse->handle(Object(Illuminate\\Http\\Request), Object(Closure))
#16 D:\\HocTap\\xampp\\htdocs\\NhomTruyenLaravel\\vendor\\laravel\\framework\\src\\Illuminate\\Cookie\\Middleware\\EncryptCookies.php(66): Illuminate\\Pipeline\\Pipeline->Illuminate\\Pipeline\\{closure}(Object(Illuminate\\Http\\Request))
#17 D:\\HocTap\\xampp\\htdocs\\NhomTruyenLaravel\\vendor\\laravel\\framework\\src\\Illuminate\\Pipeline\\Pipeline.php(171): Illuminate\\Cookie\\Middleware\\EncryptCookies->handle(Object(Illuminate\\Http\\Request), Object(Closure))
#18 D:\\HocTap\\xampp\\htdocs\\NhomTruyenLaravel\\vendor\\laravel\\framework\\src\\Illuminate\\Pipeline\\Pipeline.php(105): Illuminate\\Pipeline\\Pipeline->Illuminate\\Pipeline\\{closure}(Object(Illuminate\\Http\\Request))
#19 D:\\HocTap\\xampp\\htdocs\\NhomTruyenLaravel\\vendor\\laravel\\framework\\src\\Illuminate\\Routing\\Router.php(682): Illuminate\\Pipeline\\Pipeline->then(Object(Closure))
#20 D:\\HocTap\\xampp\\htdocs\\NhomTruyenLaravel\\vendor\\laravel\\framework\\src\\Illuminate\\Routing\\Router.php(657): Illuminate\\Routing\\Router->runRouteWithinStack(Object(Illuminate\\Routing\\Route), Object(Illuminate\\Http\\Request))
#21 D:\\HocTap\\xampp\\htdocs\\NhomTruyenLaravel\\vendor\\laravel\\framework\\src\\Illuminate\\Routing\\Router.php(623): Illuminate\\Routing\\Router->runRoute(Object(Illuminate\\Http\\Request), Object(Illuminate\\Routing\\Route))
#22 D:\\HocTap\\xampp\\htdocs\\NhomTruyenLaravel\\vendor\\laravel\\framework\\src\\Illuminate\\Routing\\Router.php(612): Illuminate\\Routing\\Router->dispatchToRoute(Object(Illuminate\\Http\\Request))
#23 D:\\HocTap\\xampp\\htdocs\\NhomTruyenLaravel\\vendor\\laravel\\framework\\src\\Illuminate\\Foundation\\Http\\Kernel.php(176): Illuminate\\Routing\\Router->dispatch(Object(Illuminate\\Http\\Request))
#24 D:\\HocTap\\xampp\\htdocs\\NhomTruyenLaravel\\vendor\\laravel\\framework\\src\\Illuminate\\Pipeline\\Pipeline.php(130): Illuminate\\Foundation\\Http\\Kernel->Illuminate\\Foundation\\Http\\{closure}(Object(Illuminate\\Http\\Request))
#25 D:\\HocTap\\xampp\\htdocs\\NhomTruyenLaravel\\vendor\\laravel\\framework\\src\\Illuminate\\Foundation\\Http\\Middleware\\TransformsRequest.php(21): Illuminate\\Pipeline\\Pipeline->Illuminate\\Pipeline\\{closure}(Object(Illuminate\\Http\\Request))
#26 D:\\HocTap\\xampp\\htdocs\\NhomTruyenLaravel\\vendor\\laravel\\framework\\src\\Illuminate\\Pipeline\\Pipeline.php(171): Illuminate\\Foundation\\Http\\Middleware\\TransformsRequest->handle(Object(Illuminate\\Http\\Request), Object(Closure))
#27 D:\\HocTap\\xampp\\htdocs\\NhomTruyenLaravel\\vendor\\laravel\\framework\\src\\Illuminate\\Foundation\\Http\\Middleware\\TransformsRequest.php(21): Illuminate\\Pipeline\\Pipeline->Illuminate\\Pipeline\\{closure}(Object(Illuminate\\Http\\Request))
#28 D:\\HocTap\\xampp\\htdocs\\NhomTruyenLaravel\\vendor\\laravel\\framework\\src\\Illuminate\\Pipeline\\Pipeline.php(171): Illuminate\\Foundation\\Http\\Middleware\\TransformsRequest->handle(Object(Illuminate\\Http\\Request), Object(Closure))
#29 D:\\HocTap\\xampp\\htdocs\\NhomTruyenLaravel\\vendor\\laravel\\framework\\src\\Illuminate\\Foundation\\Http\\Middleware\\ValidatePostSize.php(27): Illuminate\\Pipeline\\Pipeline->Illuminate\\Pipeline\\{closure}(Object(Illuminate\\Http\\Request))
#30 D:\\HocTap\\xampp\\htdocs\\NhomTruyenLaravel\\vendor\\laravel\\framework\\src\\Illuminate\\Pipeline\\Pipeline.php(171): Illuminate\\Foundation\\Http\\Middleware\\ValidatePostSize->handle(Object(Illuminate\\Http\\Request), Object(Closure))
#31 D:\\HocTap\\xampp\\htdocs\\NhomTruyenLaravel\\vendor\\laravel\\framework\\src\\Illuminate\\Foundation\\Http\\Middleware\\CheckForMaintenanceMode.php(62): Illuminate\\Pipeline\\Pipeline->Illuminate\\Pipeline\\{closure}(Object(Illuminate\\Http\\Request))
#32 D:\\HocTap\\xampp\\htdocs\\NhomTruyenLaravel\\vendor\\laravel\\framework\\src\\Illuminate\\Pipeline\\Pipeline.php(171): Illuminate\\Foundation\\Http\\Middleware\\CheckForMaintenanceMode->handle(Object(Illuminate\\Http\\Request), Object(Closure))
#33 D:\\HocTap\\xampp\\htdocs\\NhomTruyenLaravel\\vendor\\fideloper\\proxy\\src\\TrustProxies.php(57): Illuminate\\Pipeline\\Pipeline->Illuminate\\Pipeline\\{closure}(Object(Illuminate\\Http\\Request))
#34 D:\\HocTap\\xampp\\htdocs\\NhomTruyenLaravel\\vendor\\laravel\\framework\\src\\Illuminate\\Pipeline\\Pipeline.php(171): Fideloper\\Proxy\\TrustProxies->handle(Object(Illuminate\\Http\\Request), Object(Closure))
#35 D:\\HocTap\\xampp\\htdocs\\NhomTruyenLaravel\\vendor\\laravel\\framework\\src\\Illuminate\\Pipeline\\Pipeline.php(105): Illuminate\\Pipeline\\Pipeline->Illuminate\\Pipeline\\{closure}(Object(Illuminate\\Http\\Request))
#36 D:\\HocTap\\xampp\\htdocs\\NhomTruyenLaravel\\vendor\\laravel\\framework\\src\\Illuminate\\Foundation\\Http\\Kernel.php(151): Illuminate\\Pipeline\\Pipeline->then(Object(Closure))
#37 D:\\HocTap\\xampp\\htdocs\\NhomTruyenLaravel\\vendor\\laravel\\framework\\src\\Illuminate\\Foundation\\Http\\Kernel.php(116): Illuminate\\Foundation\\Http\\Kernel->sendRequestThroughRouter(Object(Illuminate\\Http\\Request))
#38 D:\\HocTap\\xampp\\htdocs\\NhomTruyenLaravel\\public\\index.php(55): Illuminate\\Foundation\\Http\\Kernel->handle(Object(Illuminate\\Http\\Request))
#39 {main}
"} 
